"../../../Engine/Content/EditorMaterials/PreviewShadowIndicator.ubulk" 0
"../../../Engine/Content/EditorMaterials/PreviewShadowIndicator.uasset" 1
"../../../Engine/Content/EditorMaterials/PreviewShadowIndicator.uexp" 2
"../../../Engine/Content/EditorMaterials/PreviewShadowIndicatorMaterial.uasset" 3
"../../../Engine/Content/EditorMaterials/PreviewShadowIndicatorMaterial.uexp" 4
"../../../Engine/Content/EditorMaterials/MAT_Groups_Visibility.uasset" 5
"../../../Engine/Content/EditorMaterials/MAT_Groups_Visibility.uexp" 6
"../../../Engine/Content/EditorMaterials/MAT_Groups_Toggle.uasset" 7
"../../../Engine/Content/EditorMaterials/MAT_Groups_Toggle.uexp" 8
"../../../Engine/Content/EditorMaterials/MatineeGroups/MAT_Groups_Vector.uasset" 9
"../../../Engine/Content/EditorMaterials/MatineeGroups/MAT_Groups_Vector.uexp" 10
"../../../Engine/Content/EditorMaterials/MatineeGroups/MAT_Groups_Sound.uasset" 11
"../../../Engine/Content/EditorMaterials/MatineeGroups/MAT_Groups_Sound.uexp" 12
"../../../Engine/Content/EditorMaterials/MatineeGroups/MAT_Groups_Slomo.uasset" 13
"../../../Engine/Content/EditorMaterials/MatineeGroups/MAT_Groups_Slomo.uexp" 14
"../../../Engine/Content/EditorMaterials/MatineeGroups/MAT_Groups_Move.uasset" 15
"../../../Engine/Content/EditorMaterials/MatineeGroups/MAT_Groups_Move.uexp" 16
"../../../Engine/Content/EditorMaterials/MatineeGroups/MAT_Groups_Float.uasset" 17
"../../../Engine/Content/EditorMaterials/MatineeGroups/MAT_Groups_Float.uexp" 18
"../../../Engine/Content/EditorMaterials/MatineeGroups/MAT_Groups_Fade.uasset" 19
"../../../Engine/Content/EditorMaterials/MatineeGroups/MAT_Groups_Fade.uexp" 20
"../../../Engine/Content/EditorMaterials/MatineeGroups/MAT_Groups_Event.uasset" 21
"../../../Engine/Content/EditorMaterials/MatineeGroups/MAT_Groups_Event.uexp" 22
"../../../Engine/Content/EditorMaterials/ParticleSystems/PSysThumbnail_OOD.ubulk" 23
"../../../Engine/Content/EditorMaterials/ParticleSystems/PSysThumbnail_OOD.uasset" 24
"../../../Engine/Content/EditorMaterials/ParticleSystems/PSysThumbnail_OOD.uexp" 25
"../../../Engine/Content/EditorMaterials/ParticleSystems/PSysThumbnail_NoImage.ubulk" 26
"../../../Engine/Content/EditorMaterials/ParticleSystems/PSysThumbnail_NoImage.uasset" 27
"../../../Engine/Content/EditorMaterials/ParticleSystems/PSysThumbnail_NoImage.uexp" 28
"../../../Engine/Content/EditorMaterials/MatineeGroups/MAT_Groups_Director.uasset" 29
"../../../Engine/Content/EditorMaterials/MatineeGroups/MAT_Groups_Director.uexp" 30
"../../../Engine/Content/EditorMaterials/MatineeGroups/MAT_Groups_AudioMaster.uasset" 31
"../../../Engine/Content/EditorMaterials/MatineeGroups/MAT_Groups_AudioMaster.uexp" 32
"../../../Engine/Content/EditorMaterials/MatineeGroups/MAT_Groups_Anim.uasset" 33
"../../../Engine/Content/EditorMaterials/MatineeGroups/MAT_Groups_Anim.uexp" 34
"../../../Engine/Content/EditorMaterials/MatineeGroups/MAT_ColorTrack.uasset" 35
"../../../Engine/Content/EditorMaterials/MatineeGroups/MAT_ColorTrack.uexp" 36
"../../../Engine/Content/EditorLandscapeResources/DefaultAlphaTexture.uasset" 37
"../../../Engine/Content/EditorLandscapeResources/DefaultAlphaTexture.uexp" 38
"../../../Engine/Content/EditorLandscapeResources/DataLayer.uasset" 39
"../../../Engine/Content/EditorLandscapeResources/DataLayer.uexp" 40
"../../../Engine/Content/EngineMaterials/T_Default_Material_Grid_M.ubulk" 41
"../../../Engine/Content/EngineMaterials/T_Default_Material_Grid_M.uasset" 42
"../../../Engine/Content/EngineMaterials/T_Default_Material_Grid_M.uexp" 43
"../../../Engine/Content/EngineMaterials/T_Default_Material_Grid_N.ubulk" 44
"../../../Engine/Content/EngineMaterials/T_Default_Material_Grid_N.uasset" 45
"../../../Engine/Content/EngineMaterials/T_Default_Material_Grid_N.uexp" 46
"../../../Engine/Content/Functions/Engine_MaterialFunctions01/Opacity/CameraDepthFade.uasset" 47
"../../../Engine/Content/Functions/Engine_MaterialFunctions01/Opacity/CameraDepthFade.uexp" 48
"../../../Engine/Content/EngineMaterials/DefaultMaterial.uasset" 49
"../../../Engine/Content/EngineMaterials/DefaultMaterial.uexp" 50
"../../../Engine/Content/BasicShapes/Sphere.uasset" 51
"../../../Engine/Content/BasicShapes/Sphere.uexp" 52
"../../../Engine/Content/EngineMaterials/WorldGridMaterial.uasset" 53
"../../../Engine/Content/EngineMaterials/WorldGridMaterial.uexp" 54
"../../../Engine/Content/BasicShapes/Plane.uasset" 55
"../../../Engine/Content/BasicShapes/Plane.uexp" 56
"../../../Engine/Content/BasicShapes/Cylinder.uasset" 57
"../../../Engine/Content/BasicShapes/Cylinder.uexp" 58
"../../../Engine/Content/BasicShapes/Cone.uasset" 59
"../../../Engine/Content/BasicShapes/Cone.uexp" 60
"../../../Engine/Content/ArtTools/RenderToTexture/Meshes/S_1_Unit_Plane.uasset" 61
"../../../Engine/Content/ArtTools/RenderToTexture/Meshes/S_1_Unit_Plane.uexp" 62
"../../../Engine/Content/Functions/Engine_MaterialFunctions02/Utility/MakeFloat4.uasset" 63
"../../../Engine/Content/Functions/Engine_MaterialFunctions02/Utility/MakeFloat4.uexp" 64
"../../../Engine/Content/Functions/Engine_MaterialFunctions02/Utility/MakeFloat3.uasset" 65
"../../../Engine/Content/Functions/Engine_MaterialFunctions02/Utility/MakeFloat3.uexp" 66
"../../../Engine/Content/Functions/Engine_MaterialFunctions02/Utility/BreakOutFloat3Components.uasset" 67
"../../../Engine/Content/Functions/Engine_MaterialFunctions02/Utility/BreakOutFloat3Components.uexp" 68
"../../../Engine/Content/EditorMaterials/WorldPartition/WorldPartitionSpatialHashGridPreviewMaterial.uasset" 69
"../../../Engine/Content/EditorMaterials/WorldPartition/WorldPartitionSpatialHashGridPreviewMaterial.uexp" 70
"../../../Engine/Content/EditorMaterials/Camera/CineMat.uasset" 71
"../../../Engine/Content/EditorMaterials/Camera/CineMat.uexp" 72
"../../../Engine/Content/EditorMaterials/Camera/MI_CineMat_Rig.uasset" 73
"../../../Engine/Content/EditorMaterials/Camera/MI_CineMat_Rig.uexp" 74
"../../../Engine/Content/EditorMeshes/Camera/SM_RailRig_Track.uasset" 75
"../../../Engine/Content/EditorMeshes/Camera/SM_RailRig_Track.uexp" 76
"../../../Engine/Content/EditorMeshes/Camera/SM_RailRig_Mount.uasset" 77
"../../../Engine/Content/EditorMeshes/Camera/SM_RailRig_Mount.uexp" 78
"../../../Engine/Content/EditorMeshes/Camera/SM_CraneRig_Mount.uasset" 79
"../../../Engine/Content/EditorMeshes/Camera/SM_CraneRig_Mount.uexp" 80
"../../../Engine/Content/EditorMeshes/Camera/SM_CraneRig_Body.uasset" 81
"../../../Engine/Content/EditorMeshes/Camera/SM_CraneRig_Body.uexp" 82
"../../../Engine/Content/EditorMeshes/Camera/SM_CraneRig_Base.uasset" 83
"../../../Engine/Content/EditorMeshes/Camera/SM_CraneRig_Base.uexp" 84
"../../../Engine/Content/EditorMeshes/Camera/SM_CraneRig_Arm.uasset" 85
"../../../Engine/Content/EditorMeshes/Camera/SM_CraneRig_Arm.uexp" 86
"H:/runner game/MyProject2/Content/sound/disco.ubulk" 87
"H:/runner game/MyProject2/Content/sound/disco.uasset" 88
"H:/runner game/MyProject2/Content/sound/disco.uexp" 89
"H:/runner game/MyProject2/Content/sound/disco_Cue.uasset" 90
"H:/runner game/MyProject2/Content/sound/disco_Cue.uexp" 91
"../../../Engine/Content/EngineMaterials/DefaultDiffuse.ubulk" 92
"../../../Engine/Content/EngineMaterials/DefaultDiffuse.uasset" 93
"../../../Engine/Content/EngineMaterials/DefaultDiffuse.uexp" 94
"../../../Engine/Content/EngineResources/Black.uasset" 95
"../../../Engine/Content/EngineResources/Black.uexp" 96
"../../../Engine/Content/Functions/Engine_MaterialFunctions02/Texturing/CustomRotator.uasset" 97
"../../../Engine/Content/Functions/Engine_MaterialFunctions02/Texturing/CustomRotator.uexp" 98
"H:/runner game/MyProject2/Content/MSPresets/M_MS_Surface_Material/M_MS_Surface_Material.uasset" 99
"H:/runner game/MyProject2/Content/MSPresets/M_MS_Surface_Material/M_MS_Surface_Material.uexp" 100
"H:/runner game/MyProject2/Content/MSPresets/M_MS_Surface_Material/Functions/MF_Transmission.uasset" 101
"H:/runner game/MyProject2/Content/MSPresets/M_MS_Surface_Material/Functions/MF_Transmission.uexp" 102
"H:/runner game/MyProject2/Content/MSPresets/M_MS_Surface_Material/Functions/MF_Tiling.uasset" 103
"H:/runner game/MyProject2/Content/MSPresets/M_MS_Surface_Material/Functions/MF_Tiling.uexp" 104
"H:/runner game/MyProject2/Content/MSPresets/M_MS_Surface_Material/Functions/MF_ObjAdjustments.uasset" 105
"H:/runner game/MyProject2/Content/MSPresets/M_MS_Surface_Material/Functions/MF_ObjAdjustments.uexp" 106
"H:/runner game/MyProject2/Content/MSPresets/M_MS_Surface_Material/Functions/MF_MapAdjustments.uasset" 107
"H:/runner game/MyProject2/Content/MSPresets/M_MS_Surface_Material/Functions/MF_MapAdjustments.uexp" 108
"H:/runner game/MyProject2/Content/MSPresets/M_MS_Surface_Material/Functions/MF_Displacement.uasset" 109
"H:/runner game/MyProject2/Content/MSPresets/M_MS_Surface_Material/Functions/MF_Displacement.uexp" 110
"../../../Engine/Content/EngineMaterials/DefaultNormal.ubulk" 111
"../../../Engine/Content/EngineMaterials/DefaultNormal.uasset" 112
"../../../Engine/Content/EngineMaterials/DefaultNormal.uexp" 113
"../../../Engine/Content/Engine_MI_Shaders/T_Base_Tile_Normal.ubulk" 114
"../../../Engine/Content/Engine_MI_Shaders/T_Base_Tile_Normal.uasset" 115
"../../../Engine/Content/Engine_MI_Shaders/T_Base_Tile_Normal.uexp" 116
"../../../Engine/Content/Functions/Engine_MaterialFunctions03/ComplexMotion/Motion_4WayChaos_Normal.uasset" 117
"../../../Engine/Content/Functions/Engine_MaterialFunctions03/ComplexMotion/Motion_4WayChaos_Normal.uexp" 118
"../../../Engine/Content/Functions/Engine_MaterialFunctions01/Gradient/LinearGradient.uasset" 119
"../../../Engine/Content/Functions/Engine_MaterialFunctions01/Gradient/LinearGradient.uexp" 120
"../../../Engine/Content/Functions/Engine_MaterialFunctions01/ImageAdjustment/CheapContrast.uasset" 121
"../../../Engine/Content/Functions/Engine_MaterialFunctions01/ImageAdjustment/CheapContrast.uexp" 122
"H:/runner game/MyProject2/Content/MSPresets/M_MS_SurfaceBlend_Material/M_MS_SurfaceBlend_Material.uasset" 123
"H:/runner game/MyProject2/Content/MSPresets/M_MS_SurfaceBlend_Material/M_MS_SurfaceBlend_Material.uexp" 124
"H:/runner game/MyProject2/Content/MSPresets/M_MS_SurfaceBlend_Material/LayerFunctions/MF_ScatterLayer.uasset" 125
"H:/runner game/MyProject2/Content/MSPresets/M_MS_SurfaceBlend_Material/LayerFunctions/MF_ScatterLayer.uexp" 126
"H:/runner game/MyProject2/Content/MSPresets/M_MS_SurfaceBlend_Material/LayerFunctions/MF_NormalCorrection.uasset" 127
"H:/runner game/MyProject2/Content/MSPresets/M_MS_SurfaceBlend_Material/LayerFunctions/MF_NormalCorrection.uexp" 128
"H:/runner game/MyProject2/Content/MSPresets/M_MS_SurfaceBlend_Material/LayerFunctions/MF_MaterialBlend.uasset" 129
"H:/runner game/MyProject2/Content/MSPresets/M_MS_SurfaceBlend_Material/LayerFunctions/MF_MaterialBlend.uexp" 130
"H:/runner game/MyProject2/Content/MSPresets/M_MS_SurfaceBlend_Material/LayerFunctions/MF_DisplacementBlend.uasset" 131
"H:/runner game/MyProject2/Content/MSPresets/M_MS_SurfaceBlend_Material/LayerFunctions/MF_DisplacementBlend.uexp" 132
"H:/runner game/MyProject2/Content/MSPresets/M_MS_SurfaceBlend_Material/LayerFunctions/MF_Displacement.uasset" 133
"H:/runner game/MyProject2/Content/MSPresets/M_MS_SurfaceBlend_Material/LayerFunctions/MF_Displacement.uexp" 134
"H:/runner game/MyProject2/Content/MSPresets/M_MS_SurfaceBlend_Material/LayerFunctions/MF_BlendScatter.uasset" 135
"H:/runner game/MyProject2/Content/MSPresets/M_MS_SurfaceBlend_Material/LayerFunctions/MF_BlendScatter.uexp" 136
"H:/runner game/MyProject2/Content/MSPresets/M_MS_SurfaceBlend_Material/LayerFunctions/Top/MF_TopLayerTextures.uasset" 137
"H:/runner game/MyProject2/Content/MSPresets/M_MS_SurfaceBlend_Material/LayerFunctions/Top/MF_TopLayerTextures.uexp" 138
"H:/runner game/MyProject2/Content/MSPresets/M_MS_SurfaceBlend_Material/LayerFunctions/Top/MF_TopLayerTessellation.uasset" 139
"H:/runner game/MyProject2/Content/MSPresets/M_MS_SurfaceBlend_Material/LayerFunctions/Top/MF_TopLayerTessellation.uexp" 140
"H:/runner game/MyProject2/Content/MSPresets/M_MS_SurfaceBlend_Material/LayerFunctions/Top/MF_TopLayerAdjustments.uasset" 141
"H:/runner game/MyProject2/Content/MSPresets/M_MS_SurfaceBlend_Material/LayerFunctions/Top/MF_TopLayerAdjustments.uexp" 142
"H:/runner game/MyProject2/Content/MSPresets/M_MS_SurfaceBlend_Material/LayerFunctions/Puddle/MF_PuddleLayer.uasset" 143
"H:/runner game/MyProject2/Content/MSPresets/M_MS_SurfaceBlend_Material/LayerFunctions/Puddle/MF_PuddleLayer.uexp" 144
"H:/runner game/MyProject2/Content/MSPresets/M_MS_SurfaceBlend_Material/LayerFunctions/Middle/MF_MiddleLayerTextures.uasset" 145
"H:/runner game/MyProject2/Content/MSPresets/M_MS_SurfaceBlend_Material/LayerFunctions/Middle/MF_MiddleLayerTextures.uexp" 146
"H:/runner game/MyProject2/Content/MSPresets/M_MS_SurfaceBlend_Material/LayerFunctions/Middle/MF_MiddleLayerTessellation.uasset" 147
"H:/runner game/MyProject2/Content/MSPresets/M_MS_SurfaceBlend_Material/LayerFunctions/Middle/MF_MiddleLayerTessellation.uexp" 148
"H:/runner game/MyProject2/Content/MSPresets/M_MS_SurfaceBlend_Material/LayerFunctions/Middle/MF_MiddleLayerAdjustments.uasset" 149
"H:/runner game/MyProject2/Content/MSPresets/M_MS_SurfaceBlend_Material/LayerFunctions/Middle/MF_MiddleLayerAdjustments.uexp" 150
"H:/runner game/MyProject2/Content/MSPresets/M_MS_SurfaceBlend_Material/LayerFunctions/Base/MF_BaseLayerTextures.uasset" 151
"H:/runner game/MyProject2/Content/MSPresets/M_MS_SurfaceBlend_Material/LayerFunctions/Base/MF_BaseLayerTextures.uexp" 152
"H:/runner game/MyProject2/Content/MSPresets/M_MS_SurfaceBlend_Material/LayerFunctions/Base/MF_BaseLayerTessellation.uasset" 153
"H:/runner game/MyProject2/Content/MSPresets/M_MS_SurfaceBlend_Material/LayerFunctions/Base/MF_BaseLayerTessellation.uexp" 154
"H:/runner game/MyProject2/Content/MSPresets/M_MS_SurfaceBlend_Material/LayerFunctions/Base/MF_BaseLayerAdjustments.uasset" 155
"H:/runner game/MyProject2/Content/MSPresets/M_MS_SurfaceBlend_Material/LayerFunctions/Base/MF_BaseLayerAdjustments.uexp" 156
"../../../Engine/Content/Functions/Engine_MaterialFunctions01/SpeedTree/SpeedTreeColorVariation.uasset" 157
"../../../Engine/Content/Functions/Engine_MaterialFunctions01/SpeedTree/SpeedTreeColorVariation.uexp" 158
"../../../Engine/Content/Functions/Engine_MaterialFunctions02/Utility/MakeFloat2.uasset" 159
"../../../Engine/Content/Functions/Engine_MaterialFunctions02/Utility/MakeFloat2.uexp" 160
"H:/runner game/MyProject2/Content/MSPresets/M_MS_Imperfection_Material_Var/M_MS_Imperfection_Material_Var.uasset" 161
"H:/runner game/MyProject2/Content/MSPresets/M_MS_Imperfection_Material_Var/M_MS_Imperfection_Material_Var.uexp" 162
"H:/runner game/MyProject2/Content/MSPresets/M_MS_Imperfection_Material/M_MS_Imperfection_Material_Var.uasset" 163
"H:/runner game/MyProject2/Content/MSPresets/M_MS_Imperfection_Material/M_MS_Imperfection_Material_Var.uexp" 164
"H:/runner game/MyProject2/Content/MSPresets/M_MS_Imperfection_Material/M_MS_Imperfection_Material.uasset" 165
"H:/runner game/MyProject2/Content/MSPresets/M_MS_Imperfection_Material/M_MS_Imperfection_Material.uexp" 166
"../../../Engine/Content/EngineMaterials/DefaultWhiteGrid.ubulk" 167
"../../../Engine/Content/EngineMaterials/DefaultWhiteGrid.uasset" 168
"../../../Engine/Content/EngineMaterials/DefaultWhiteGrid.uexp" 169
"../../../Engine/Content/Functions/Engine_MaterialFunctions02/Utility/CameraDirectionVector.uasset" 170
"../../../Engine/Content/Functions/Engine_MaterialFunctions02/Utility/CameraDirectionVector.uexp" 171
"../../../Engine/Content/Functions/Engine_MaterialFunctions02/Utility/VectorLength.uasset" 172
"../../../Engine/Content/Functions/Engine_MaterialFunctions02/Utility/VectorLength.uexp" 173
"../../../Engine/Content/Functions/Engine_MaterialFunctions02/SafeNormalize.uasset" 174
"../../../Engine/Content/Functions/Engine_MaterialFunctions02/SafeNormalize.uexp" 175
"../../../Engine/Content/Functions/Engine_MaterialFunctions02/Math/CreateThirdOrthogonalVector.uasset" 176
"../../../Engine/Content/Functions/Engine_MaterialFunctions02/Math/CreateThirdOrthogonalVector.uexp" 177
"../../../Engine/Content/Functions/Engine_MaterialFunctions02/Math/InverseTransformMatrix.uasset" 178
"../../../Engine/Content/Functions/Engine_MaterialFunctions02/Math/InverseTransformMatrix.uexp" 179
"../../../Engine/Content/Functions/Engine_MaterialFunctions02/Math/TransformToZVector.uasset" 180
"../../../Engine/Content/Functions/Engine_MaterialFunctions02/Math/TransformToZVector.uexp" 181
"../../../Engine/Content/EngineVolumetrics/Fogsheet/Materials/T_EV_BlankWhite_01.uasset" 182
"../../../Engine/Content/EngineVolumetrics/Fogsheet/Materials/T_EV_BlankWhite_01.uexp" 183
"../../../Engine/Content/Functions/Engine_MaterialFunctions01/Texturing/ParallaxOcclusionMapping.uasset" 184
"../../../Engine/Content/Functions/Engine_MaterialFunctions01/Texturing/ParallaxOcclusionMapping.uexp" 185
"H:/runner game/MyProject2/Content/MSPresets/M_MS_ImperfectionDecal_Material/M_MS_ImperfectionDecal_Material.uasset" 186
"H:/runner game/MyProject2/Content/MSPresets/M_MS_ImperfectionDecal_Material/M_MS_ImperfectionDecal_Material.uexp" 187
"../../../Engine/Content/EngineMaterials/BlendFunc_DefBlend.uasset" 188
"../../../Engine/Content/EngineMaterials/BlendFunc_DefBlend.uexp" 189
"../../../Engine/Content/EngineMaterials/BlendFunc_DefBase.uasset" 190
"../../../Engine/Content/EngineMaterials/BlendFunc_DefBase.uexp" 191
"../../../Engine/Content/Functions/Engine_MaterialFunctions03/Blends/Blend_Overlay.uasset" 192
"../../../Engine/Content/Functions/Engine_MaterialFunctions03/Blends/Blend_Overlay.uexp" 193
"../../../Engine/Content/Functions/Engine_MaterialFunctions01/Texturing/FlattenNormal.uasset" 194
"../../../Engine/Content/Functions/Engine_MaterialFunctions01/Texturing/FlattenNormal.uexp" 195
"../../../Engine/Content/Functions/Engine_MaterialFunctions01/WorldPositionOffset/SimpleGrassWind.uasset" 196
"../../../Engine/Content/Functions/Engine_MaterialFunctions01/WorldPositionOffset/SimpleGrassWind.uexp" 197
"H:/runner game/MyProject2/Content/MSPresets/M_MS_Foliage_Material/M_MS_Foliage_Material.uasset" 198
"H:/runner game/MyProject2/Content/MSPresets/M_MS_Foliage_Material/M_MS_Foliage_Material.uexp" 199
"H:/runner game/MyProject2/Content/MSPresets/M_MS_Foliage_Material/MF_Translucency.uasset" 200
"H:/runner game/MyProject2/Content/MSPresets/M_MS_Foliage_Material/MF_Translucency.uexp" 201
"H:/runner game/MyProject2/Content/MSPresets/M_MS_Foliage_Material/Functions/MF_Translucency.uasset" 202
"H:/runner game/MyProject2/Content/MSPresets/M_MS_Foliage_Material/Functions/MF_Translucency.uexp" 203
"H:/runner game/MyProject2/Content/MSPresets/M_MS_Default_Transmission_Material/M_MS_Default_Transmission_Material.uasset" 204
"H:/runner game/MyProject2/Content/MSPresets/M_MS_Default_Transmission_Material/M_MS_Default_Transmission_Material.uexp" 205
"H:/runner game/MyProject2/Content/MSPresets/M_MS_Default_Transmission_Material/Functions/MF_SSSObjAdjustments.uasset" 206
"H:/runner game/MyProject2/Content/MSPresets/M_MS_Default_Transmission_Material/Functions/MF_SSSObjAdjustments.uexp" 207
"H:/runner game/MyProject2/Content/MSPresets/M_MS_Default_Material/Functions/MF_Transmission.uasset" 208
"H:/runner game/MyProject2/Content/MSPresets/M_MS_Default_Material/Functions/MF_Transmission.uexp" 209
"H:/runner game/MyProject2/Content/MSPresets/M_MS_Default_Material/Functions/MF_Tiling.uasset" 210
"H:/runner game/MyProject2/Content/MSPresets/M_MS_Default_Material/Functions/MF_Tiling.uexp" 211
"H:/runner game/MyProject2/Content/MSPresets/M_MS_Default_Material/Functions/MF_ObjAdjustments.uasset" 212
"H:/runner game/MyProject2/Content/MSPresets/M_MS_Default_Material/Functions/MF_ObjAdjustments.uexp" 213
"H:/runner game/MyProject2/Content/MSPresets/M_MS_Default_Material/Functions/MF_MapAdjustments.uasset" 214
"H:/runner game/MyProject2/Content/MSPresets/M_MS_Default_Material/Functions/MF_MapAdjustments.uexp" 215
"H:/runner game/MyProject2/Content/MSPresets/M_MS_Default_Material/Functions/MF_Fuzz.uasset" 216
"H:/runner game/MyProject2/Content/MSPresets/M_MS_Default_Material/Functions/MF_Fuzz.uexp" 217
"H:/runner game/MyProject2/Content/MSPresets/M_MS_Default_Material/Functions/MF_Displacement.uasset" 218
"H:/runner game/MyProject2/Content/MSPresets/M_MS_Default_Material/Functions/MF_Displacement.uexp" 219
"H:/runner game/MyProject2/Content/MSPresets/M_MS_Default_Material/Functions/MF_DetailNormalTiling.uasset" 220
"H:/runner game/MyProject2/Content/MSPresets/M_MS_Default_Material/Functions/MF_DetailNormalTiling.uexp" 221
"H:/runner game/MyProject2/Content/MSPresets/M_MS_Default_Fuzz_Material/M_MS_Default_Fuzz_Material.uasset" 222
"H:/runner game/MyProject2/Content/MSPresets/M_MS_Default_Fuzz_Material/M_MS_Default_Fuzz_Material.uexp" 223
"H:/runner game/MyProject2/Content/MSPresets/M_MS_Default_Fuzz_Material/Functions/MF_Tiling.uasset" 224
"H:/runner game/MyProject2/Content/MSPresets/M_MS_Default_Fuzz_Material/Functions/MF_Tiling.uexp" 225
"H:/runner game/MyProject2/Content/MSPresets/M_MS_Default_Fuzz_Material/Functions/MF_Fuzz.uasset" 226
"H:/runner game/MyProject2/Content/MSPresets/M_MS_Default_Fuzz_Material/Functions/MF_Fuzz.uexp" 227
"H:/runner game/MyProject2/Content/MSPresets/M_MS_Decal_Material/M_MS_Decal_Material.uasset" 228
"H:/runner game/MyProject2/Content/MSPresets/M_MS_Decal_Material/M_MS_Decal_Material.uexp" 229
"H:/runner game/MyProject2/Content/MSPresets/M_MS_Decal_Material/MF_QuixelDecalPOM.uasset" 230
"H:/runner game/MyProject2/Content/MSPresets/M_MS_Decal_Material/MF_QuixelDecalPOM.uexp" 231
"../../../Engine/Content/Functions/Engine_MaterialFunctions02/Math/Transform3x3Matrix.uasset" 232
"../../../Engine/Content/Functions/Engine_MaterialFunctions02/Math/Transform3x3Matrix.uexp" 233
"../../../Engine/Content/Functions/Engine_MaterialFunctions02/Utility/VectorToRadialValue.uasset" 234
"../../../Engine/Content/Functions/Engine_MaterialFunctions02/Utility/VectorToRadialValue.uexp" 235
"../../../Engine/Content/ArtTools/RenderToTexture/MaterialFunctions/FoliageZRotation.uasset" 236
"../../../Engine/Content/ArtTools/RenderToTexture/MaterialFunctions/FoliageZRotation.uexp" 237
"../../../Engine/Content/Functions/Engine_MaterialFunctions02/WorldPositionOffset/ObjectPivotPoint.uasset" 238
"../../../Engine/Content/Functions/Engine_MaterialFunctions02/WorldPositionOffset/ObjectPivotPoint.uexp" 239
"H:/runner game/MyProject2/Content/MSPresets/M_MS_Billboard_Material/M_MS_Billboard_Material.uasset" 240
"H:/runner game/MyProject2/Content/MSPresets/M_MS_Billboard_Material/M_MS_Billboard_Material.uexp" 241
"H:/runner game/MyProject2/Content/MSPresets/MSTextures/WhitePlaceholder.uasset" 242
"H:/runner game/MyProject2/Content/MSPresets/MSTextures/WhitePlaceholder.uexp" 243
"H:/runner game/MyProject2/Content/MSPresets/MSTextures/Placeholder_Normal.uasset" 244
"H:/runner game/MyProject2/Content/MSPresets/MSTextures/Placeholder_Normal.uexp" 245
"H:/runner game/MyProject2/Content/MSPresets/MSTextures/Placeholder.uasset" 246
"H:/runner game/MyProject2/Content/MSPresets/MSTextures/Placeholder.uexp" 247
"H:/runner game/MyProject2/Content/MSPresets/MSTextures/BlackPlaceholder.uasset" 248
"H:/runner game/MyProject2/Content/MSPresets/MSTextures/BlackPlaceholder.uexp" 249
"H:/runner game/MyProject2/Content/LevelPrototyping/Textures/T_GridChecker_A.ubulk" 250
"H:/runner game/MyProject2/Content/LevelPrototyping/Textures/T_GridChecker_A.uasset" 251
"H:/runner game/MyProject2/Content/LevelPrototyping/Textures/T_GridChecker_A.uexp" 252
"H:/runner game/MyProject2/Content/LevelPrototyping/Materials/MF_ProcGrid.uasset" 253
"H:/runner game/MyProject2/Content/LevelPrototyping/Materials/MF_ProcGrid.uexp" 254
"H:/runner game/MyProject2/Content/LevelPrototyping/Materials/M_PrototypeGrid.uasset" 255
"H:/runner game/MyProject2/Content/LevelPrototyping/Materials/M_PrototypeGrid.uexp" 256
"H:/runner game/MyProject2/Content/LevelPrototyping/Materials/MI_PrototypeGrid_Gray.uasset" 257
"H:/runner game/MyProject2/Content/LevelPrototyping/Materials/MI_PrototypeGrid_Gray.uexp" 258
"H:/runner game/MyProject2/Content/LevelPrototyping/Meshes/SM_Ramp.uasset" 259
"H:/runner game/MyProject2/Content/LevelPrototyping/Meshes/SM_Ramp.uexp" 260
"H:/runner game/MyProject2/Content/LevelPrototyping/Meshes/SM_QuarterCylinder.uasset" 261
"H:/runner game/MyProject2/Content/LevelPrototyping/Meshes/SM_QuarterCylinder.uexp" 262
"H:/runner game/MyProject2/Content/LevelPrototyping/Meshes/SM_Cylinder.uasset" 263
"H:/runner game/MyProject2/Content/LevelPrototyping/Meshes/SM_Cylinder.uexp" 264
"H:/runner game/MyProject2/Content/LevelPrototyping/Meshes/SM_Cube.uasset" 265
"H:/runner game/MyProject2/Content/LevelPrototyping/Meshes/SM_Cube.uexp" 266
"H:/runner game/MyProject2/Content/LevelPrototyping/Materials/M_Solid.uasset" 267
"H:/runner game/MyProject2/Content/LevelPrototyping/Materials/M_Solid.uexp" 268
"H:/runner game/MyProject2/Content/LevelPrototyping/Materials/MI_Solid_Blue.uasset" 269
"H:/runner game/MyProject2/Content/LevelPrototyping/Materials/MI_Solid_Blue.uexp" 270
"H:/runner game/MyProject2/Content/LevelPrototyping/Meshes/SM_ChamferCube.uasset" 271
"H:/runner game/MyProject2/Content/LevelPrototyping/Meshes/SM_ChamferCube.uexp" 272
"H:/runner game/MyProject2/Content/LevelPrototyping/Materials/MI_PrototypeGrid_TopDark.uasset" 273
"H:/runner game/MyProject2/Content/LevelPrototyping/Materials/MI_PrototypeGrid_TopDark.uexp" 274
"H:/runner game/MyProject2/Content/LevelPrototyping/Materials/MI_PrototypeGrid_Gray_02.uasset" 275
"H:/runner game/MyProject2/Content/LevelPrototyping/Materials/MI_PrototypeGrid_Gray_02.uexp" 276
"../../../Engine/Content/EditorResources/S_TriggerSphere.uasset" 277
"../../../Engine/Content/EditorResources/S_TriggerSphere.uexp" 278
"../../../Engine/Content/EditorResources/S_TriggerCapsule.uasset" 279
"../../../Engine/Content/EditorResources/S_TriggerCapsule.uexp" 280
"../../../Engine/Content/EditorResources/S_TriggerBox.uasset" 281
"../../../Engine/Content/EditorResources/S_TriggerBox.uexp" 282
"../../../Engine/Content/EditorResources/S_Trigger.ubulk" 283
"../../../Engine/Content/EditorResources/S_Trigger.uasset" 284
"../../../Engine/Content/EditorResources/S_Trigger.uexp" 285
"../../../Engine/Content/EditorResources/S_Terrain.ubulk" 286
"../../../Engine/Content/EditorResources/S_Terrain.uasset" 287
"../../../Engine/Content/EditorResources/S_Terrain.uexp" 288
"../../../Engine/Content/EditorResources/S_Solver.ubulk" 289
"../../../Engine/Content/EditorResources/S_Solver.uasset" 290
"../../../Engine/Content/EditorResources/S_Solver.uexp" 291
"../../../Engine/Content/EditorResources/S_BoxReflectionCapture.uasset" 292
"../../../Engine/Content/EditorResources/S_BoxReflectionCapture.uexp" 293
"../../../Engine/Content/EditorResources/S_Actor.ubulk" 294
"../../../Engine/Content/EditorResources/S_Actor.uasset" 295
"../../../Engine/Content/EditorResources/S_Actor.uexp" 296
"../../../Engine/Content/EditorResources/EmptyActor.uasset" 297
"../../../Engine/Content/EditorResources/EmptyActor.uexp" 298
"../../../Engine/Content/EditorResources/BSPVertex.uasset" 299
"../../../Engine/Content/EditorResources/BSPVertex.uexp" 300
"H:/runner game/MyProject2/Content/FPWeapon/Mesh/SK_FPGun_PhysicsAsset.uasset" 301
"H:/runner game/MyProject2/Content/FPWeapon/Mesh/SK_FPGun_PhysicsAsset.uexp" 302
"H:/runner game/MyProject2/Content/FPWeapon/Materials/MaterialLayers/T_ML_FineRubber.ubulk" 303
"H:/runner game/MyProject2/Content/FPWeapon/Materials/MaterialLayers/T_ML_FineRubber.uasset" 304
"H:/runner game/MyProject2/Content/FPWeapon/Materials/MaterialLayers/T_ML_FineRubber.uexp" 305
"../../../Engine/Content/EditorResources/AudioIcons/S_AudioComponent_AutoActivate.uasset" 306
"../../../Engine/Content/EditorResources/AudioIcons/S_AudioComponent_AutoActivate.uexp" 307
"H:/runner game/MyProject2/Content/FPWeapon/Audio/FirstPersonTemplateWeaponFire02.ubulk" 308
"H:/runner game/MyProject2/Content/FPWeapon/Audio/FirstPersonTemplateWeaponFire02.uasset" 309
"H:/runner game/MyProject2/Content/FPWeapon/Audio/FirstPersonTemplateWeaponFire02.uexp" 310
"../../../Engine/Content/Functions/Engine_MaterialFunctions02/Utility/BlendAngleCorrectedNormals.uasset" 311
"../../../Engine/Content/Functions/Engine_MaterialFunctions02/Utility/BlendAngleCorrectedNormals.uexp" 312
"../../../Engine/Content/Functions/MaterialLayerFunctions/MatLayerBlend_NormalBlend.uasset" 313
"../../../Engine/Content/Functions/MaterialLayerFunctions/MatLayerBlend_NormalBlend.uexp" 314
"H:/runner game/MyProject2/Content/FirstPersonArms/Character/Materials/MaterialLayers/T_ML_Rubber_Blue_01_N.ubulk" 315
"H:/runner game/MyProject2/Content/FirstPersonArms/Character/Materials/MaterialLayers/T_ML_Rubber_Blue_01_N.uasset" 316
"H:/runner game/MyProject2/Content/FirstPersonArms/Character/Materials/MaterialLayers/T_ML_Rubber_Blue_01_N.uexp" 317
"H:/runner game/MyProject2/Content/FirstPersonArms/Character/Materials/MaterialLayers/T_ML_Rubber_Blue_01_D.ubulk" 318
"H:/runner game/MyProject2/Content/FirstPersonArms/Character/Materials/MaterialLayers/T_ML_Rubber_Blue_01_D.uasset" 319
"H:/runner game/MyProject2/Content/FirstPersonArms/Character/Materials/MaterialLayers/T_ML_Rubber_Blue_01_D.uexp" 320
"H:/runner game/MyProject2/Content/FirstPersonArms/Character/Materials/MaterialLayers/ML_GlossyBlack_Latex_UE4.uasset" 321
"H:/runner game/MyProject2/Content/FirstPersonArms/Character/Materials/MaterialLayers/ML_GlossyBlack_Latex_UE4.uexp" 322
"H:/runner game/MyProject2/Content/FirstPersonArms/Character/Textures/UE4_Mannequin_MAT_MASKA.ubulk" 323
"H:/runner game/MyProject2/Content/FirstPersonArms/Character/Textures/UE4_Mannequin_MAT_MASKA.uasset" 324
"H:/runner game/MyProject2/Content/FirstPersonArms/Character/Textures/UE4_Mannequin_MAT_MASKA.uexp" 325
"H:/runner game/MyProject2/Content/FirstPersonArms/Character/Textures/UE4_LOGO_CARD.ubulk" 326
"H:/runner game/MyProject2/Content/FirstPersonArms/Character/Textures/UE4_LOGO_CARD.uasset" 327
"H:/runner game/MyProject2/Content/FirstPersonArms/Character/Textures/UE4_LOGO_CARD.uexp" 328
"H:/runner game/MyProject2/Content/FirstPersonArms/Character/Materials/MaterialLayers/ML_Plastic_Shiny_Beige_LOGO.uasset" 329
"H:/runner game/MyProject2/Content/FirstPersonArms/Character/Materials/MaterialLayers/ML_Plastic_Shiny_Beige_LOGO.uexp" 330
"../../../Engine/Content/Functions/MaterialLayerFunctions/MatLayerBlend_Simple.uasset" 331
"../../../Engine/Content/Functions/MaterialLayerFunctions/MatLayerBlend_Simple.uexp" 332
"H:/runner game/MyProject2/Content/FirstPersonArms/Character/Materials/MaterialLayers/T_ML_Aluminum01.ubulk" 333
"H:/runner game/MyProject2/Content/FirstPersonArms/Character/Materials/MaterialLayers/T_ML_Aluminum01.uasset" 334
"H:/runner game/MyProject2/Content/FirstPersonArms/Character/Materials/MaterialLayers/T_ML_Aluminum01.uexp" 335
"H:/runner game/MyProject2/Content/FirstPersonArms/Character/Materials/MaterialLayers/T_ML_Aluminum01_N.ubulk" 336
"H:/runner game/MyProject2/Content/FirstPersonArms/Character/Materials/MaterialLayers/T_ML_Aluminum01_N.uasset" 337
"H:/runner game/MyProject2/Content/FirstPersonArms/Character/Materials/MaterialLayers/T_ML_Aluminum01_N.uexp" 338
"H:/runner game/MyProject2/Content/FirstPersonArms/Character/Materials/MaterialLayers/ML_SoftMetal_UE4.uasset" 339
"H:/runner game/MyProject2/Content/FirstPersonArms/Character/Materials/MaterialLayers/ML_SoftMetal_UE4.uexp" 340
"H:/runner game/MyProject2/Content/FirstPersonArms/Character/Materials/MaterialLayers/ML_Plastic_Shiny_Beige.uasset" 341
"H:/runner game/MyProject2/Content/FirstPersonArms/Character/Materials/MaterialLayers/ML_Plastic_Shiny_Beige.uexp" 342
"H:/runner game/MyProject2/Content/FirstPersonArms/Character/Textures/UE4_Mannequin__normals.ubulk" 343
"H:/runner game/MyProject2/Content/FirstPersonArms/Character/Textures/UE4_Mannequin__normals.uasset" 344
"H:/runner game/MyProject2/Content/FirstPersonArms/Character/Textures/UE4_Mannequin__normals.uexp" 345
"H:/runner game/MyProject2/Content/FirstPersonArms/Character/Materials/M_UE4Man_Body.uasset" 346
"H:/runner game/MyProject2/Content/FirstPersonArms/Character/Materials/M_UE4Man_Body.uexp" 347
"H:/runner game/MyProject2/Content/FirstPersonArms/Character/Mesh/SK_Mannequin_Arms_PhysicsAsset.uasset" 348
"H:/runner game/MyProject2/Content/FirstPersonArms/Character/Mesh/SK_Mannequin_Arms_PhysicsAsset.uexp" 349
"H:/runner game/MyProject2/Content/FirstPersonArms/Character/Mesh/SK_Mannequin_Arms_Skeleton.uasset" 350
"H:/runner game/MyProject2/Content/FirstPersonArms/Character/Mesh/SK_Mannequin_Arms_Skeleton.uexp" 351
"H:/runner game/MyProject2/Content/FirstPersonArms/Character/Mesh/SK_Mannequin_Arms.uasset" 352
"H:/runner game/MyProject2/Content/FirstPersonArms/Character/Mesh/SK_Mannequin_Arms.uexp" 353
"../../../Engine/Content/Animation/DefaultAnimCurveCompressionSettings.uasset" 354
"../../../Engine/Content/Animation/DefaultAnimCurveCompressionSettings.uexp" 355
"../../../Engine/Content/Animation/DefaultAnimBoneCompressionSettings.uasset" 356
"../../../Engine/Content/Animation/DefaultAnimBoneCompressionSettings.uexp" 357
"H:/runner game/MyProject2/Content/FirstPersonArms/Animations/FirstPerson_JumpLoop.uasset" 358
"H:/runner game/MyProject2/Content/FirstPersonArms/Animations/FirstPerson_JumpLoop.uexp" 359
"H:/runner game/MyProject2/Content/FirstPersonArms/Animations/FirstPerson_Run.uasset" 360
"H:/runner game/MyProject2/Content/FirstPersonArms/Animations/FirstPerson_Run.uexp" 361
"H:/runner game/MyProject2/Content/FirstPersonArms/Animations/FirstPerson_JumpEnd.uasset" 362
"H:/runner game/MyProject2/Content/FirstPersonArms/Animations/FirstPerson_JumpEnd.uexp" 363
"H:/runner game/MyProject2/Content/FirstPersonArms/Animations/FirstPerson_Idle.uasset" 364
"H:/runner game/MyProject2/Content/FirstPersonArms/Animations/FirstPerson_Idle.uexp" 365
"H:/runner game/MyProject2/Content/FirstPersonArms/Animations/FirstPerson_JumpStart.uasset" 366
"H:/runner game/MyProject2/Content/FirstPersonArms/Animations/FirstPerson_JumpStart.uexp" 367
"../../../Engine/Content/EditorBlueprintResources/StandardMacros.uasset" 368
"../../../Engine/Content/EditorBlueprintResources/StandardMacros.uexp" 369
"H:/runner game/MyProject2/Content/FirstPersonArms/Animations/FirstPerson_AnimBP.uasset" 370
"H:/runner game/MyProject2/Content/FirstPersonArms/Animations/FirstPerson_AnimBP.uexp" 371
"H:/runner game/MyProject2/Content/FirstPersonArms/Animations/FirstPerson_Fire.uasset" 372
"H:/runner game/MyProject2/Content/FirstPersonArms/Animations/FirstPerson_Fire.uexp" 373
"H:/runner game/MyProject2/Content/FirstPersonArms/Animations/FirstPersonFire_Montage.uasset" 374
"H:/runner game/MyProject2/Content/FirstPersonArms/Animations/FirstPersonFire_Montage.uexp" 375
"H:/runner game/MyProject2/Content/FirstPerson/Maps/FirstPersonMap_BuiltData.ubulk" 376
"H:/runner game/MyProject2/Content/FirstPerson/Maps/FirstPersonMap_BuiltData.uasset" 377
"H:/runner game/MyProject2/Content/FirstPerson/Maps/FirstPersonMap_BuiltData.uexp" 378
"H:/runner game/MyProject2/Content/FPWeapon/Mesh/SK_FPGun_Skeleton.uasset" 379
"H:/runner game/MyProject2/Content/FPWeapon/Mesh/SK_FPGun_Skeleton.uexp" 380
"H:/runner game/MyProject2/Content/FPWeapon/Materials/MaterialLayers/T_ML_Rubber_Blue_01_D.ubulk" 381
"H:/runner game/MyProject2/Content/FPWeapon/Materials/MaterialLayers/T_ML_Rubber_Blue_01_D.uasset" 382
"H:/runner game/MyProject2/Content/FPWeapon/Materials/MaterialLayers/T_ML_Rubber_Blue_01_D.uexp" 383
"H:/runner game/MyProject2/Content/FPWeapon/Textures/T_FPGun_N.ubulk" 384
"H:/runner game/MyProject2/Content/FPWeapon/Textures/T_FPGun_N.uasset" 385
"H:/runner game/MyProject2/Content/FPWeapon/Textures/T_FPGun_N.uexp" 386
"H:/runner game/MyProject2/Content/FPWeapon/Materials/MaterialLayers/T_ML_Rubber_Blue_01_N.ubulk" 387
"H:/runner game/MyProject2/Content/FPWeapon/Materials/MaterialLayers/T_ML_Rubber_Blue_01_N.uasset" 388
"H:/runner game/MyProject2/Content/FPWeapon/Materials/MaterialLayers/T_ML_Rubber_Blue_01_N.uexp" 389
"H:/runner game/MyProject2/Content/FPWeapon/Materials/MaterialLayers/ML_Screen.uasset" 390
"H:/runner game/MyProject2/Content/FPWeapon/Materials/MaterialLayers/ML_Screen.uexp" 391
"H:/runner game/MyProject2/Content/FPWeapon/Materials/MaterialLayers/T_ML_Aluminum01_N.ubulk" 392
"H:/runner game/MyProject2/Content/FPWeapon/Materials/MaterialLayers/T_ML_Aluminum01_N.uasset" 393
"H:/runner game/MyProject2/Content/FPWeapon/Materials/MaterialLayers/T_ML_Aluminum01_N.uexp" 394
"H:/runner game/MyProject2/Content/FPWeapon/Materials/MaterialLayers/T_ML_Aluminum01.ubulk" 395
"H:/runner game/MyProject2/Content/FPWeapon/Materials/MaterialLayers/T_ML_Aluminum01.uasset" 396
"H:/runner game/MyProject2/Content/FPWeapon/Materials/MaterialLayers/T_ML_Aluminum01.uexp" 397
"H:/runner game/MyProject2/Content/FPWeapon/Materials/MaterialLayers/ML_SoftMetal_UE4.uasset" 398
"H:/runner game/MyProject2/Content/FPWeapon/Materials/MaterialLayers/ML_SoftMetal_UE4.uexp" 399
"H:/runner game/MyProject2/Content/FPWeapon/Textures/T_FPGun_M.ubulk" 400
"H:/runner game/MyProject2/Content/FPWeapon/Textures/T_FPGun_M.uasset" 401
"H:/runner game/MyProject2/Content/FPWeapon/Textures/T_FPGun_M.uexp" 402
"H:/runner game/MyProject2/Content/FPWeapon/Materials/MaterialLayers/ML_Plastic_Shiny_Beige.uasset" 403
"H:/runner game/MyProject2/Content/FPWeapon/Materials/MaterialLayers/ML_Plastic_Shiny_Beige.uexp" 404
"H:/runner game/MyProject2/Content/FPWeapon/Materials/MaterialLayers/ML_GlossyBlack_Latex_UE4.uasset" 405
"H:/runner game/MyProject2/Content/FPWeapon/Materials/MaterialLayers/ML_GlossyBlack_Latex_UE4.uexp" 406
"H:/runner game/MyProject2/Content/FPWeapon/Materials/M_FPGun.uasset" 407
"H:/runner game/MyProject2/Content/FPWeapon/Materials/M_FPGun.uexp" 408
"H:/runner game/MyProject2/Content/FPWeapon/Mesh/SK_FPGun_Physics.uasset" 409
"H:/runner game/MyProject2/Content/FPWeapon/Mesh/SK_FPGun_Physics.uexp" 410
"H:/runner game/MyProject2/Content/FPWeapon/Mesh/SK_FPGun.uasset" 411
"H:/runner game/MyProject2/Content/FPWeapon/Mesh/SK_FPGun.uexp" 412
"H:/runner game/MyProject2/Content/character/Boy01_FacialAnimMap_ncl1_2.ubulk" 413
"H:/runner game/MyProject2/Content/character/Boy01_FacialAnimMap_ncl1_2.uasset" 414
"H:/runner game/MyProject2/Content/character/Boy01_FacialAnimMap_ncl1_2.uexp" 415
"H:/runner game/MyProject2/Content/character/Boy01_Brows_MAT1.uasset" 416
"H:/runner game/MyProject2/Content/character/Boy01_Brows_MAT1.uexp" 417
"H:/runner game/MyProject2/Content/character/Boy01_normal.ubulk" 418
"H:/runner game/MyProject2/Content/character/Boy01_normal.uasset" 419
"H:/runner game/MyProject2/Content/character/Boy01_normal.uexp" 420
"H:/runner game/MyProject2/Content/character/Boy01_diffuse.ubulk" 421
"H:/runner game/MyProject2/Content/character/Boy01_diffuse.uasset" 422
"H:/runner game/MyProject2/Content/character/Boy01_diffuse.uexp" 423
"H:/runner game/MyProject2/Content/character/Boy01_spec.ubulk" 424
"H:/runner game/MyProject2/Content/character/Boy01_spec.uasset" 425
"H:/runner game/MyProject2/Content/character/Boy01_spec.uexp" 426
"H:/runner game/MyProject2/Content/character/Boy01_Body_MAT.uasset" 427
"H:/runner game/MyProject2/Content/character/Boy01_Body_MAT.uexp" 428
"H:/runner game/MyProject2/Content/character/Boy01_FacialAnimMap.ubulk" 429
"H:/runner game/MyProject2/Content/character/Boy01_FacialAnimMap.uasset" 430
"H:/runner game/MyProject2/Content/character/Boy01_FacialAnimMap.uexp" 431
"H:/runner game/MyProject2/Content/character/Boy01_Mouth_MAT1.uasset" 432
"H:/runner game/MyProject2/Content/character/Boy01_Mouth_MAT1.uexp" 433
"H:/runner game/MyProject2/Content/character/Boy01_FacialAnimMap_ncl1_1.ubulk" 434
"H:/runner game/MyProject2/Content/character/Boy01_FacialAnimMap_ncl1_1.uasset" 435
"H:/runner game/MyProject2/Content/character/Boy01_FacialAnimMap_ncl1_1.uexp" 436
"H:/runner game/MyProject2/Content/character/Boy01_Eyes_MAT1.uasset" 437
"H:/runner game/MyProject2/Content/character/Boy01_Eyes_MAT1.uexp" 438
"H:/runner game/MyProject2/Content/character/aj_Skeleton.uasset" 439
"H:/runner game/MyProject2/Content/character/aj_Skeleton.uexp" 440
"H:/runner game/MyProject2/Content/character/aj_PhysicsAsset.uasset" 441
"H:/runner game/MyProject2/Content/character/aj_PhysicsAsset.uexp" 442
"H:/runner game/MyProject2/Content/character/aj.uasset" 443
"H:/runner game/MyProject2/Content/character/aj.uexp" 444
"H:/runner game/MyProject2/Content/interfacec/jetdestroy.uasset" 445
"H:/runner game/MyProject2/Content/interfacec/jetdestroy.uexp" 446
"H:/runner game/MyProject2/Content/PICKEBLES/defaultMat.uasset" 447
"H:/runner game/MyProject2/Content/PICKEBLES/defaultMat.uexp" 448
"H:/runner game/MyProject2/Content/PICKEBLES/Jetpack.uasset" 449
"H:/runner game/MyProject2/Content/PICKEBLES/Jetpack.uexp" 450
"H:/runner game/MyProject2/Content/FirstPerson/Blueprints/bp-jetpack.uasset" 451
"H:/runner game/MyProject2/Content/FirstPerson/Blueprints/bp-jetpack.uexp" 452
"H:/runner game/MyProject2/Content/animations/Falling.uasset" 453
"H:/runner game/MyProject2/Content/animations/Falling.uexp" 454
"H:/runner game/MyProject2/Content/animations/Falling_Montage.uasset" 455
"H:/runner game/MyProject2/Content/animations/Falling_Montage.uexp" 456
"H:/runner game/MyProject2/Content/sound/416838__tonsil5__grunt2-death-pain.ubulk" 457
"H:/runner game/MyProject2/Content/sound/416838__tonsil5__grunt2-death-pain.uasset" 458
"H:/runner game/MyProject2/Content/sound/416838__tonsil5__grunt2-death-pain.uexp" 459
"H:/runner game/MyProject2/Content/animations/Hit_To_Head.uasset" 460
"H:/runner game/MyProject2/Content/animations/Hit_To_Head.uexp" 461
"H:/runner game/MyProject2/Content/animations/Hit_To_Head_Montage.uasset" 462
"H:/runner game/MyProject2/Content/animations/Hit_To_Head_Montage.uexp" 463
"H:/runner game/MyProject2/Content/sound/402816__jacksonacademyashmore__jetpack-loop.ubulk" 464
"H:/runner game/MyProject2/Content/sound/402816__jacksonacademyashmore__jetpack-loop.uasset" 465
"H:/runner game/MyProject2/Content/sound/402816__jacksonacademyashmore__jetpack-loop.uexp" 466
"H:/runner game/MyProject2/Content/animations/Flying.uasset" 467
"H:/runner game/MyProject2/Content/animations/Flying.uexp" 468
"H:/runner game/MyProject2/Content/animations/Flying_Montage.uasset" 469
"H:/runner game/MyProject2/Content/animations/Flying_Montage.uexp" 470
"H:/runner game/MyProject2/Content/animations/Stumble_Backwards.uasset" 471
"H:/runner game/MyProject2/Content/animations/Stumble_Backwards.uexp" 472
"H:/runner game/MyProject2/Content/animations/Stumble_Backwards_Montage.uasset" 473
"H:/runner game/MyProject2/Content/animations/Stumble_Backwards_Montage.uexp" 474
"H:/runner game/MyProject2/Content/sound/footstep.uasset" 475
"H:/runner game/MyProject2/Content/sound/footstep.uexp" 476
"H:/runner game/MyProject2/Content/sound/footstep1.uasset" 477
"H:/runner game/MyProject2/Content/sound/footstep1.uexp" 478
"H:/runner game/MyProject2/Content/sound/footstep2.uasset" 479
"H:/runner game/MyProject2/Content/sound/footstep2.uexp" 480
"H:/runner game/MyProject2/Content/sound/footstep3.uasset" 481
"H:/runner game/MyProject2/Content/sound/footstep3.uexp" 482
"H:/runner game/MyProject2/Content/sound/footstep_Cue.uasset" 483
"H:/runner game/MyProject2/Content/sound/footstep_Cue.uexp" 484
"H:/runner game/MyProject2/Content/sound/456369__felixyadomi__hop6.ubulk" 485
"H:/runner game/MyProject2/Content/sound/456369__felixyadomi__hop6.uasset" 486
"H:/runner game/MyProject2/Content/sound/456369__felixyadomi__hop6.uexp" 487
"H:/runner game/MyProject2/Content/animations/Running_Jump.uasset" 488
"H:/runner game/MyProject2/Content/animations/Running_Jump.uexp" 489
"H:/runner game/MyProject2/Content/animations/walking.uasset" 490
"H:/runner game/MyProject2/Content/animations/walking.uexp" 491
"H:/runner game/MyProject2/Content/animations/running.uasset" 492
"H:/runner game/MyProject2/Content/animations/running.uexp" 493
"H:/runner game/MyProject2/Content/FirstPerson/Blueprints/walkBlendSpace1D.uasset" 494
"H:/runner game/MyProject2/Content/FirstPerson/Blueprints/walkBlendSpace1D.uexp" 495
"H:/runner game/MyProject2/Content/sound/crouch.uasset" 496
"H:/runner game/MyProject2/Content/sound/crouch.uexp" 497
"H:/runner game/MyProject2/Content/animations/Running_Crawl.uasset" 498
"H:/runner game/MyProject2/Content/animations/Running_Crawl.uexp" 499
"H:/runner game/MyProject2/Content/FirstPerson/Blueprints/bp-anim.uasset" 500
"H:/runner game/MyProject2/Content/FirstPerson/Blueprints/bp-anim.uexp" 501
"H:/runner game/MyProject2/Content/FirstPerson/Blueprints/BP_FirstPersonCharacter.uasset" 502
"H:/runner game/MyProject2/Content/FirstPerson/Blueprints/BP_FirstPersonCharacter.uexp" 503
"H:/runner game/MyProject2/Content/FirstPerson/Blueprints/BP_Rifle.uasset" 504
"H:/runner game/MyProject2/Content/FirstPerson/Blueprints/BP_Rifle.uexp" 505
"H:/runner game/MyProject2/Content/FPWeapon/Materials/BaseMaterial.uasset" 506
"H:/runner game/MyProject2/Content/FPWeapon/Materials/BaseMaterial.uexp" 507
"H:/runner game/MyProject2/Content/FPWeapon/Materials/FirstPersonProjectileMaterial.uasset" 508
"H:/runner game/MyProject2/Content/FPWeapon/Materials/FirstPersonProjectileMaterial.uexp" 509
"H:/runner game/MyProject2/Content/FPWeapon/Mesh/FirstPersonProjectileMesh.uasset" 510
"H:/runner game/MyProject2/Content/FPWeapon/Mesh/FirstPersonProjectileMesh.uexp" 511
"H:/runner game/MyProject2/Content/FirstPerson/Blueprints/BP_FirstPersonProjectile.uasset" 512
"H:/runner game/MyProject2/Content/FirstPerson/Blueprints/BP_FirstPersonProjectile.uexp" 513
"H:/runner game/MyProject2/Content/animations/Running_Slide.uasset" 514
"H:/runner game/MyProject2/Content/animations/Running_Slide.uexp" 515
"H:/runner game/MyProject2/Content/animations/Running_Slide_Montage.uasset" 516
"H:/runner game/MyProject2/Content/animations/Running_Slide_Montage.uexp" 517
"H:/runner game/MyProject2/Content/animations/Running_Crawl_Montage.uasset" 518
"H:/runner game/MyProject2/Content/animations/Running_Crawl_Montage.uexp" 519
"H:/runner game/MyProject2/Content/animations/jump.uasset" 520
"H:/runner game/MyProject2/Content/animations/jump.uexp" 521
"H:/runner game/MyProject2/Content/Megascans/3D_Assets/Modular_Concrete_Median_vcrnfetdw/T_ModularConcreteMedian_vcrnfetdw_2K_DpR.ubulk" 522
"H:/runner game/MyProject2/Content/Megascans/3D_Assets/Modular_Concrete_Median_vcrnfetdw/T_ModularConcreteMedian_vcrnfetdw_2K_DpR.uasset" 523
"H:/runner game/MyProject2/Content/Megascans/3D_Assets/Modular_Concrete_Median_vcrnfetdw/T_ModularConcreteMedian_vcrnfetdw_2K_DpR.uexp" 524
"H:/runner game/MyProject2/Content/Megascans/3D_Assets/Modular_Concrete_Median_vcrnfetdw/T_Modular_Concrete_Median_vcrnfetdw_2K_D.ubulk" 525
"H:/runner game/MyProject2/Content/Megascans/3D_Assets/Modular_Concrete_Median_vcrnfetdw/T_Modular_Concrete_Median_vcrnfetdw_2K_D.uasset" 526
"H:/runner game/MyProject2/Content/Megascans/3D_Assets/Modular_Concrete_Median_vcrnfetdw/T_Modular_Concrete_Median_vcrnfetdw_2K_D.uexp" 527
"H:/runner game/MyProject2/Content/MSPresets/M_MS_Default_Material/M_MS_Default_Material.uasset" 528
"H:/runner game/MyProject2/Content/MSPresets/M_MS_Default_Material/M_MS_Default_Material.uexp" 529
"H:/runner game/MyProject2/Content/Megascans/3D_Assets/Modular_Concrete_Median_vcrnfetdw/T_Modular_Concrete_Median_vcrnfetdw_2K_N.ubulk" 530
"H:/runner game/MyProject2/Content/Megascans/3D_Assets/Modular_Concrete_Median_vcrnfetdw/T_Modular_Concrete_Median_vcrnfetdw_2K_N.uasset" 531
"H:/runner game/MyProject2/Content/Megascans/3D_Assets/Modular_Concrete_Median_vcrnfetdw/T_Modular_Concrete_Median_vcrnfetdw_2K_N.uexp" 532
"H:/runner game/MyProject2/Content/Megascans/3D_Assets/Modular_Concrete_Median_vcrnfetdw/MI_Modular_Concrete_Median_vcrnfetdw_2K.uasset" 533
"H:/runner game/MyProject2/Content/Megascans/3D_Assets/Modular_Concrete_Median_vcrnfetdw/MI_Modular_Concrete_Median_vcrnfetdw_2K.uexp" 534
"../../../Engine/Content/BasicShapes/Cube.uasset" 535
"../../../Engine/Content/BasicShapes/Cube.uexp" 536
"H:/runner game/MyProject2/Content/Megascans/3D_Assets/Modular_Concrete_Median_vcrnfetdw/S_Modular_Concrete_Median_vcrnfetdw_lod3_Var1.uasset" 537
"H:/runner game/MyProject2/Content/Megascans/3D_Assets/Modular_Concrete_Median_vcrnfetdw/S_Modular_Concrete_Median_vcrnfetdw_lod3_Var1.uexp" 538
"H:/runner game/MyProject2/Content/PICKEBLES/SMK_JJ0KQAO2_Watermelon.uasset" 539
"H:/runner game/MyProject2/Content/PICKEBLES/SMK_JJ0KQAO2_Watermelon.uexp" 540
"H:/runner game/MyProject2/Content/PICKEBLES/SMK_JJ0KQAO2_Watermelon_2_91.uasset" 541
"H:/runner game/MyProject2/Content/PICKEBLES/SMK_JJ0KQAO2_Watermelon_2_91.uexp" 542
"H:/runner game/MyProject2/Content/materials/gold.uasset" 543
"H:/runner game/MyProject2/Content/materials/gold.uexp" 544
"H:/runner game/MyProject2/Content/sound/coin2.ubulk" 545
"H:/runner game/MyProject2/Content/sound/coin2.uasset" 546
"H:/runner game/MyProject2/Content/sound/coin2.uexp" 547
"H:/runner game/MyProject2/Content/PICKEBLES/PICKUP.uasset" 548
"H:/runner game/MyProject2/Content/PICKEBLES/PICKUP.uexp" 549
"H:/runner game/MyProject2/Content/actors/bp-runway.uasset" 550
"H:/runner game/MyProject2/Content/actors/bp-runway.uexp" 551
"../../../Engine/Content/EditorResources/SequenceRecorder/RecordingIndicator.uasset" 552
"../../../Engine/Content/EditorResources/SequenceRecorder/RecordingIndicator.uexp" 553
"../../../Engine/Content/EditorResources/SequenceRecorder/Countdown.uasset" 554
"../../../Engine/Content/EditorResources/SequenceRecorder/Countdown.uexp" 555
"../../../Engine/Content/EngineDamageTypes/DmgTypeBP_Environmental.uasset" 556
"../../../Engine/Content/EngineDamageTypes/DmgTypeBP_Environmental.uexp" 557
"../../../Engine/Content/EngineDebugMaterials/VolumeToRender.uasset" 558
"../../../Engine/Content/EngineDebugMaterials/VolumeToRender.uexp" 559
"../../../Engine/Content/EngineDebugMaterials/M_VolumeRenderSphereTracePP.uasset" 560
"../../../Engine/Content/EngineDebugMaterials/M_VolumeRenderSphereTracePP.uexp" 561
"../../../Engine/Content/EngineDebugMaterials/M_SimpleUnlitTranslucent.uasset" 562
"../../../Engine/Content/EngineDebugMaterials/M_SimpleUnlitTranslucent.uexp" 563
"../../../Engine/Content/EngineDebugMaterials/DebugMeshMaterial.uasset" 564
"../../../Engine/Content/EngineDebugMaterials/DebugMeshMaterial.uexp" 565
"../../../Engine/Content/EngineDebugMaterials/DebugEditorMaterial.uasset" 566
"../../../Engine/Content/EngineDebugMaterials/DebugEditorMaterial.uexp" 567
"../../../Engine/Content/EngineFonts/Faces/RobotoLight.uexp" 568
"../../../Engine/Content/EngineFonts/Faces/RobotoLight.uasset" 569
"../../../Engine/Content/EngineFonts/Faces/RobotoLight.ufont" 570
"../../../Engine/Content/EngineFonts/Faces/RobotoBold.uexp" 571
"../../../Engine/Content/EngineFonts/Faces/RobotoBold.uasset" 572
"../../../Engine/Content/EngineFonts/Faces/RobotoBold.ufont" 573
"../../../Engine/Content/EngineFonts/Faces/RobotoRegular.uexp" 574
"../../../Engine/Content/EngineFonts/Faces/RobotoRegular.uasset" 575
"../../../Engine/Content/EngineFonts/Faces/RobotoRegular.ufont" 576
"../../../Engine/Content/EngineFonts/Faces/DroidSansFallback.uexp" 577
"../../../Engine/Content/EngineFonts/Faces/DroidSansFallback.uasset" 578
"../../../Engine/Content/EngineFonts/Faces/DroidSansFallback.ufont" 579
"../../../Engine/Content/EngineFonts/Faces/RobotoItalic.uexp" 580
"../../../Engine/Content/EngineFonts/Faces/RobotoItalic.uasset" 581
"../../../Engine/Content/EngineFonts/Faces/RobotoItalic.ufont" 582
"../../../Engine/Content/EngineFonts/Faces/RobotoBoldItalic.uexp" 583
"../../../Engine/Content/EngineFonts/Faces/RobotoBoldItalic.uasset" 584
"../../../Engine/Content/EngineFonts/Faces/RobotoBoldItalic.ufont" 585
"../../../Engine/Content/EngineFonts/Roboto.uasset" 586
"../../../Engine/Content/EngineFonts/Roboto.uexp" 587
"../../../Engine/Content/EngineResources/WhiteSquareTexture.uasset" 588
"../../../Engine/Content/EngineResources/WhiteSquareTexture.uexp" 589
"../../../Engine/Content/EngineMaterials/Widget3DPassThrough.uasset" 590
"../../../Engine/Content/EngineMaterials/Widget3DPassThrough.uexp" 591
"../../../Engine/Content/EngineMaterials/Widget3DPassThrough_Translucent.uasset" 592
"../../../Engine/Content/EngineMaterials/Widget3DPassThrough_Translucent.uexp" 593
"../../../Engine/Content/EngineMaterials/Widget3DPassThrough_Translucent_OneSided.uasset" 594
"../../../Engine/Content/EngineMaterials/Widget3DPassThrough_Translucent_OneSided.uexp" 595
"../../../Engine/Content/EngineMaterials/Widget3DPassThrough_Opaque.uasset" 596
"../../../Engine/Content/EngineMaterials/Widget3DPassThrough_Opaque.uexp" 597
"../../../Engine/Content/EngineMaterials/Widget3DPassThrough_Opaque_OneSided.uasset" 598
"../../../Engine/Content/EngineMaterials/Widget3DPassThrough_Opaque_OneSided.uexp" 599
"../../../Engine/Content/EngineMaterials/Widget3DPassThrough_Masked_OneSided.uasset" 600
"../../../Engine/Content/EngineMaterials/Widget3DPassThrough_Masked_OneSided.uexp" 601
"../../../Engine/Content/EngineMaterials/Widget3DPassThrough_Masked.uasset" 602
"../../../Engine/Content/EngineMaterials/Widget3DPassThrough_Masked.uexp" 603
"../../../Engine/Content/EngineMaterials/WeightMapPlaceholderTexture.uasset" 604
"../../../Engine/Content/EngineMaterials/WeightMapPlaceholderTexture.uexp" 605
"../../../Engine/Content/EngineMaterials/RemoveSurfaceMaterial.uasset" 606
"../../../Engine/Content/EngineMaterials/RemoveSurfaceMaterial.uexp" 607
"../../../Engine/Content/EngineMaterials/PreintegratedSkinBRDF.uasset" 608
"../../../Engine/Content/EngineMaterials/PreintegratedSkinBRDF.uexp" 609
"../../../Engine/Content/EngineMaterials/DefaultCalibrationGrayscale.uasset" 610
"../../../Engine/Content/EngineMaterials/DefaultCalibrationGrayscale.uexp" 611
"../../../Engine/Content/EngineMaterials/PPM_DefaultCalibrationGrayscale.uasset" 612
"../../../Engine/Content/EngineMaterials/PPM_DefaultCalibrationGrayscale.uexp" 613
"../../../Engine/Content/EngineMaterials/DefaultCalibrationColor.uasset" 614
"../../../Engine/Content/EngineMaterials/DefaultCalibrationColor.uexp" 615
"../../../Engine/Content/EngineMaterials/PPM_DefaultCalibrationColor.uasset" 616
"../../../Engine/Content/EngineMaterials/PPM_DefaultCalibrationColor.uexp" 617
"../../../Engine/Content/Functions/Engine_MaterialFunctions02/WorldPositionOffset/CameraOffset.uasset" 618
"../../../Engine/Content/Functions/Engine_MaterialFunctions02/WorldPositionOffset/CameraOffset.uexp" 619
"../../../Engine/Content/EngineMaterials/PhAT_JointLimitMaterial.uasset" 620
"../../../Engine/Content/EngineMaterials/PhAT_JointLimitMaterial.uexp" 621
"../../../Engine/Content/EngineMaterials/InvalidLightmapSettings.ubulk" 622
"../../../Engine/Content/EngineMaterials/InvalidLightmapSettings.uasset" 623
"../../../Engine/Content/EngineMaterials/InvalidLightmapSettings.uexp" 624
"../../../Engine/Content/EngineMaterials/M_InvalidLightmapSettings.uasset" 625
"../../../Engine/Content/EngineMaterials/M_InvalidLightmapSettings.uexp" 626
"../../../Engine/Content/EngineMaterials/MiniFont.uasset" 627
"../../../Engine/Content/EngineMaterials/MiniFont.uexp" 628
"../../../Engine/Content/EngineMeshes/Sphere.uasset" 629
"../../../Engine/Content/EngineMeshes/Sphere.uexp" 630
"../../../Engine/Content/EngineMaterials/Good64x64TilingNoiseHighFreq.uasset" 631
"../../../Engine/Content/EngineMaterials/Good64x64TilingNoiseHighFreq.uexp" 632
"../../../Engine/Content/EngineMaterials/GizmoMaterial.uasset" 633
"../../../Engine/Content/EngineMaterials/GizmoMaterial.uexp" 634
"../../../Engine/Content/EngineMaterials/BaseFlattenEmissiveMap_VT.uasset" 635
"../../../Engine/Content/EngineMaterials/BaseFlattenEmissiveMap_VT.uexp" 636
"../../../Engine/Content/EngineMaterials/BaseFlattenGrayscaleMap_VT.uasset" 637
"../../../Engine/Content/EngineMaterials/BaseFlattenGrayscaleMap_VT.uexp" 638
"../../../Engine/Content/EngineMaterials/BaseFlattenLinearColor_VT.uasset" 639
"../../../Engine/Content/EngineMaterials/BaseFlattenLinearColor_VT.uexp" 640
"../../../Engine/Content/EngineMaterials/Black_1x1_EXR_Texture_VT.uasset" 641
"../../../Engine/Content/EngineMaterials/Black_1x1_EXR_Texture_VT.uexp" 642
"../../../Engine/Content/EngineMaterials/BaseFlattenDiffuseMap_VT.uasset" 643
"../../../Engine/Content/EngineMaterials/BaseFlattenDiffuseMap_VT.uexp" 644
"../../../Engine/Content/EngineMaterials/BaseFlattenNormalMap_VT.uasset" 645
"../../../Engine/Content/EngineMaterials/BaseFlattenNormalMap_VT.uexp" 646
"../../../Engine/Content/EngineMaterials/FlattenMaterial_WS_Normal_VT.uasset" 647
"../../../Engine/Content/EngineMaterials/FlattenMaterial_WS_Normal_VT.uexp" 648
"../../../Engine/Content/EngineMaterials/FlattenMaterial_VT.uasset" 649
"../../../Engine/Content/EngineMaterials/FlattenMaterial_VT.uexp" 650
"../../../Engine/Content/EngineMaterials/BaseFlattenNormalMap.uasset" 651
"../../../Engine/Content/EngineMaterials/BaseFlattenNormalMap.uexp" 652
"../../../Engine/Content/EngineMaterials/BaseFlattenGrayscaleMap.uasset" 653
"../../../Engine/Content/EngineMaterials/BaseFlattenGrayscaleMap.uexp" 654
"../../../Engine/Content/EngineMaterials/BaseFlattenDiffuseMap.uasset" 655
"../../../Engine/Content/EngineMaterials/BaseFlattenDiffuseMap.uexp" 656
"../../../Engine/Content/Functions/Engine_MaterialFunctions02/PivotPainter2/Black_1x1_EXR_Texture.uasset" 657
"../../../Engine/Content/Functions/Engine_MaterialFunctions02/PivotPainter2/Black_1x1_EXR_Texture.uexp" 658
"../../../Engine/Content/EngineMaterials/BaseFlattenEmissiveMap.uasset" 659
"../../../Engine/Content/EngineMaterials/BaseFlattenEmissiveMap.uexp" 660
"../../../Engine/Content/EngineMaterials/BaseFlattenLinearColor.uasset" 661
"../../../Engine/Content/EngineMaterials/BaseFlattenLinearColor.uexp" 662
"../../../Engine/Content/EngineMaterials/FlattenMaterial.uasset" 663
"../../../Engine/Content/EngineMaterials/FlattenMaterial.uexp" 664
"../../../Engine/Content/EngineMaterials/DefaultWhiteGrid_Low.uasset" 665
"../../../Engine/Content/EngineMaterials/DefaultWhiteGrid_Low.uexp" 666
"../../../Engine/Content/EngineMaterials/EmissiveMeshMaterial.uasset" 667
"../../../Engine/Content/EngineMaterials/EmissiveMeshMaterial.uexp" 668
"../../../Engine/Content/EngineFonts/RobotoDistanceField.uasset" 669
"../../../Engine/Content/EngineFonts/RobotoDistanceField.uexp" 670
"../../../Engine/Content/EngineMaterials/DefaultTextMaterialOpaque.uasset" 671
"../../../Engine/Content/EngineMaterials/DefaultTextMaterialOpaque.uexp" 672
"../../../Engine/Content/Functions/Engine_MaterialFunctions02/Utility/BreakOutFloat2Components.uasset" 673
"../../../Engine/Content/Functions/Engine_MaterialFunctions02/Utility/BreakOutFloat2Components.uexp" 674
"../../../Engine/Content/EngineMaterials/DefaultPostProcessMaterial.uasset" 675
"../../../Engine/Content/EngineMaterials/DefaultPostProcessMaterial.uexp" 676
"../../../Engine/Content/EngineMaterials/DefaultPhysicalMaterial.uasset" 677
"../../../Engine/Content/EngineMaterials/DefaultPhysicalMaterial.uexp" 678
"../../../Engine/Content/EngineMaterials/DefaultLightFunctionMaterial.uasset" 679
"../../../Engine/Content/EngineMaterials/DefaultLightFunctionMaterial.uexp" 680
"../../../Engine/Content/EngineMaterials/DefaultDestructiblePhysicalMaterial.uasset" 681
"../../../Engine/Content/EngineMaterials/DefaultDestructiblePhysicalMaterial.uexp" 682
"../../../Engine/Content/EngineMaterials/DefaultDeferredDecalMaterial.uasset" 683
"../../../Engine/Content/EngineMaterials/DefaultDeferredDecalMaterial.uexp" 684
"../../../Engine/Content/EngineMaterials/DefaultBokeh.uasset" 685
"../../../Engine/Content/EngineMaterials/DefaultBokeh.uexp" 686
"../../../Engine/Content/EngineMaterials/DefaultBloomKernel.uasset" 687
"../../../Engine/Content/EngineMaterials/DefaultBloomKernel.uexp" 688
"../../../Engine/Content/EngineMaterials/BlueNoise.uasset" 689
"../../../Engine/Content/EngineMaterials/BlueNoise.uexp" 690
"../../../Engine/Content/EngineResources/GradientTexture0.uasset" 691
"../../../Engine/Content/EngineResources/GradientTexture0.uexp" 692
"../../../Engine/Content/EngineResources/DefaultVolumeTexture2D.uasset" 693
"../../../Engine/Content/EngineResources/DefaultVolumeTexture2D.uexp" 694
"../../../Engine/Content/EngineResources/DefaultVolumeTexture.uasset" 695
"../../../Engine/Content/EngineResources/DefaultVolumeTexture.uexp" 696
"../../../Engine/Content/EngineResources/DefaultTextureCube.uasset" 697
"../../../Engine/Content/EngineResources/DefaultTextureCube.uexp" 698
"../../../Engine/Content/EngineResources/DefaultTexture.ubulk" 699
"../../../Engine/Content/EngineResources/DefaultTexture.uasset" 700
"../../../Engine/Content/EngineResources/DefaultTexture.uexp" 701
"../../../Engine/Content/EngineResources/FilmGrains/Marcie_Grain_v3_128_M2_000.uasset" 702
"../../../Engine/Content/EngineResources/FilmGrains/Marcie_Grain_v3_128_M2_000.uexp" 703
"../../../Engine/Content/EngineSky/T_Sky_Stars.ubulk" 704
"../../../Engine/Content/EngineSky/T_Sky_Stars.uasset" 705
"../../../Engine/Content/EngineSky/T_Sky_Stars.uexp" 706
"../../../Engine/Content/EngineSky/T_Sky_Clouds_M.ubulk" 707
"../../../Engine/Content/EngineSky/T_Sky_Clouds_M.uasset" 708
"../../../Engine/Content/EngineSky/T_Sky_Clouds_M.uexp" 709
"../../../Engine/Content/EngineSky/T_Sky_Blue.ubulk" 710
"../../../Engine/Content/EngineSky/T_Sky_Blue.uasset" 711
"../../../Engine/Content/EngineSky/T_Sky_Blue.uexp" 712
"../../../Engine/Content/EngineSky/M_Sky_Panning_Clouds2.uasset" 713
"../../../Engine/Content/EngineSky/M_Sky_Panning_Clouds2.uexp" 714
"../../../Engine/Content/EngineSky/SM_SkySphere.uasset" 715
"../../../Engine/Content/EngineSky/SM_SkySphere.uexp" 716
"../../../Engine/Content/EngineSky/M_SimpleSkyDome.uasset" 717
"../../../Engine/Content/EngineSky/M_SimpleSkyDome.uexp" 718
"../../../Engine/Content/EngineSky/VolumetricClouds/CloudWeatherTexture.uasset" 719
"../../../Engine/Content/EngineSky/VolumetricClouds/CloudWeatherTexture.uexp" 720
"../../../Engine/Content/EngineSky/VolumetricClouds/CloudGradientTexture.uasset" 721
"../../../Engine/Content/EngineSky/VolumetricClouds/CloudGradientTexture.uexp" 722
"../../../Engine/Content/EngineSky/VolumetricClouds/T_NoiseShape64.ubulk" 723
"../../../Engine/Content/EngineSky/VolumetricClouds/T_NoiseShape64.uasset" 724
"../../../Engine/Content/EngineSky/VolumetricClouds/T_NoiseShape64.uexp" 725
"../../../Engine/Content/EngineSky/VolumetricClouds/T_VolumeNoiseShape64.uasset" 726
"../../../Engine/Content/EngineSky/VolumetricClouds/T_VolumeNoiseShape64.uexp" 727
"../../../Engine/Content/EngineSky/VolumetricClouds/T_NoiseErosion.ubulk" 728
"../../../Engine/Content/EngineSky/VolumetricClouds/T_NoiseErosion.uasset" 729
"../../../Engine/Content/EngineSky/VolumetricClouds/T_NoiseErosion.uexp" 730
"../../../Engine/Content/EngineSky/VolumetricClouds/T_VolumeNoiseErosion32.uasset" 731
"../../../Engine/Content/EngineSky/VolumetricClouds/T_VolumeNoiseErosion32.uexp" 732
"../../../Engine/Content/EngineSky/VolumetricClouds/m_SimpleVolumetricCloud.uasset" 733
"../../../Engine/Content/EngineSky/VolumetricClouds/m_SimpleVolumetricCloud.uexp" 734
"../../../Engine/Content/EngineSky/VolumetricClouds/m_SimpleVolumetricCloud_Inst.uasset" 735
"../../../Engine/Content/EngineSky/VolumetricClouds/m_SimpleVolumetricCloud_Inst.uexp" 736
"../../../Engine/Content/EngineSounds/Master.uasset" 737
"../../../Engine/Content/EngineSounds/Master.uexp" 738
"../../../Engine/Content/Functions/Engine_MaterialFunctions01/Shading/PowerToRoughness.uasset" 739
"../../../Engine/Content/Functions/Engine_MaterialFunctions01/Shading/PowerToRoughness.uexp" 740
"../../../Engine/Content/Functions/Engine_MaterialFunctions01/Shading/ConvertFromDiffSpec.uasset" 741
"../../../Engine/Content/Functions/Engine_MaterialFunctions01/Shading/ConvertFromDiffSpec.uexp" 742
"../../../Engine/Content/MobileResources/HUD/VirtualJoystick_Background.uasset" 743
"../../../Engine/Content/MobileResources/HUD/VirtualJoystick_Background.uexp" 744
"../../../Engine/Content/MobileResources/HUD/VirtualJoystick_Thumb.uasset" 745
"../../../Engine/Content/MobileResources/HUD/VirtualJoystick_Thumb.uexp" 746
"../../../Engine/Content/MobileResources/HUD/DefaultVirtualJoysticks.uasset" 747
"../../../Engine/Content/MobileResources/HUD/DefaultVirtualJoysticks.uexp" 748
"../../../Engine/Content/Tutorial/ContentIntroCurve.uasset" 749
"../../../Engine/Content/Tutorial/ContentIntroCurve.uexp" 750
"../../../Engine/Content/VREditor/TransformGizmo/Main.uasset" 751
"../../../Engine/Content/VREditor/TransformGizmo/Main.uexp" 752
"../../../Engine/Content/VREditor/TransformGizmo/Xray.uasset" 753
"../../../Engine/Content/VREditor/TransformGizmo/Xray.uexp" 754
"../../../Engine/Content/VREditor/TransformGizmo/SM_Sequencer_Node.uasset" 755
"../../../Engine/Content/VREditor/TransformGizmo/SM_Sequencer_Node.uexp" 756
"../../../Engine/Content/VREditor/LaserPointer/VR_LaserPower_01.ubulk" 757
"../../../Engine/Content/VREditor/LaserPointer/VR_LaserPower_01.uasset" 758
"../../../Engine/Content/VREditor/LaserPointer/VR_LaserPower_01.uexp" 759
"../../../Engine/Content/VREditor/TransformGizmo/TransformGizmoMaterial.uasset" 760
"../../../Engine/Content/VREditor/TransformGizmo/TransformGizmoMaterial.uexp" 761
"../../../Engine/Content/VREditor/TransformGizmo/TranslucentTransformGizmoMaterial.uasset" 762
"../../../Engine/Content/VREditor/TransformGizmo/TranslucentTransformGizmoMaterial.uexp" 763
"../../../Engine/Content/VREditor/TransformGizmo/PlaneTranslationHandle.uasset" 764
"../../../Engine/Content/VREditor/TransformGizmo/PlaneTranslationHandle.uexp" 765
"../../../Engine/Content/VREditor/TransformGizmo/BoundingBoxEdge.uasset" 766
"../../../Engine/Content/VREditor/TransformGizmo/BoundingBoxEdge.uexp" 767
"../../../Engine/Content/VREditor/TransformGizmo/BoundingBoxCorner.uasset" 768
"../../../Engine/Content/VREditor/TransformGizmo/BoundingBoxCorner.uexp" 769
"../../../Engine/Plugins/2D/Paper2D/Content/PlaceholderTextures/DummySpriteTexture.ubulk" 770
"../../../Engine/Plugins/2D/Paper2D/Content/PlaceholderTextures/DummySpriteTexture.uasset" 771
"../../../Engine/Plugins/2D/Paper2D/Content/PlaceholderTextures/DummySpriteTexture.uexp" 772
"../../../Engine/Plugins/2D/Paper2D/Content/DefaultSpriteMaterial.uasset" 773
"../../../Engine/Plugins/2D/Paper2D/Content/DefaultSpriteMaterial.uexp" 774
"../../../Engine/Plugins/2D/Paper2D/Content/OpaqueUnlitSpriteMaterial.uasset" 775
"../../../Engine/Plugins/2D/Paper2D/Content/OpaqueUnlitSpriteMaterial.uexp" 776
"../../../Engine/Plugins/2D/Paper2D/Content/MaskedUnlitSpriteMaterial.uasset" 777
"../../../Engine/Plugins/2D/Paper2D/Content/MaskedUnlitSpriteMaterial.uexp" 778
"../../../Engine/Plugins/2D/Paper2D/Content/DummySprite.uasset" 779
"../../../Engine/Plugins/2D/Paper2D/Content/DummySprite.uexp" 780
"../../../Engine/Plugins/2D/Paper2D/Content/DefaultPaperTerrainMaterial.uasset" 781
"../../../Engine/Plugins/2D/Paper2D/Content/DefaultPaperTerrainMaterial.uexp" 782
"../../../Engine/Plugins/Animation/ControlRig/Content/M_Manip.uasset" 783
"../../../Engine/Plugins/Animation/ControlRig/Content/M_Manip.uexp" 784
"../../../Engine/Plugins/Animation/ControlRig/Content/Controls/DefaultGizmoLibraryNormalized.uasset" 785
"../../../Engine/Plugins/Animation/ControlRig/Content/Controls/DefaultGizmoLibraryNormalized.uexp" 786
"../../../Engine/Plugins/Animation/ControlRig/Content/Controls/ControlRig_Wedge_solid.uasset" 787
"../../../Engine/Plugins/Animation/ControlRig/Content/Controls/ControlRig_Wedge_solid.uexp" 788
"../../../Engine/Plugins/Animation/ControlRig/Content/Controls/ControlRig_Wedge_3mm.uasset" 789
"../../../Engine/Plugins/Animation/ControlRig/Content/Controls/ControlRig_Wedge_3mm.uexp" 790
"../../../Engine/Plugins/Animation/ControlRig/Content/Controls/ControlRig_Wedge_1mm.uasset" 791
"../../../Engine/Plugins/Animation/ControlRig/Content/Controls/ControlRig_Wedge_1mm.uexp" 792
"../../../Engine/Plugins/Animation/ControlRig/Content/Controls/ControlRig_Triangle_solid.uasset" 793
"../../../Engine/Plugins/Animation/ControlRig/Content/Controls/ControlRig_Triangle_solid.uexp" 794
"../../../Engine/Plugins/Animation/ControlRig/Content/Controls/ControlRig_Triangle_3mm.uasset" 795
"../../../Engine/Plugins/Animation/ControlRig/Content/Controls/ControlRig_Triangle_3mm.uexp" 796
"../../../Engine/Plugins/Animation/ControlRig/Content/Controls/ControlRig_Triangle_1mm.uasset" 797
"../../../Engine/Plugins/Animation/ControlRig/Content/Controls/ControlRig_Triangle_1mm.uexp" 798
"../../../Engine/Plugins/Animation/ControlRig/Content/Controls/ControlRig_Star4_solid.uasset" 799
"../../../Engine/Plugins/Animation/ControlRig/Content/Controls/ControlRig_Star4_solid.uexp" 800
"../../../Engine/Plugins/Animation/ControlRig/Content/Controls/ControlRig_Star4_3mm.uasset" 801
"../../../Engine/Plugins/Animation/ControlRig/Content/Controls/ControlRig_Star4_3mm.uexp" 802
"../../../Engine/Plugins/Animation/ControlRig/Content/Controls/ControlRig_Star4_1mm.uasset" 803
"../../../Engine/Plugins/Animation/ControlRig/Content/Controls/ControlRig_Star4_1mm.uexp" 804
"../../../Engine/Plugins/Animation/ControlRig/Content/Controls/ControlRig_Square_solid.uasset" 805
"../../../Engine/Plugins/Animation/ControlRig/Content/Controls/ControlRig_Square_solid.uexp" 806
"../../../Engine/Plugins/Animation/ControlRig/Content/Controls/ControlRig_Square_3mm.uasset" 807
"../../../Engine/Plugins/Animation/ControlRig/Content/Controls/ControlRig_Square_3mm.uexp" 808
"../../../Engine/Plugins/Animation/ControlRig/Content/Controls/ControlRig_Square_1mm.uasset" 809
"../../../Engine/Plugins/Animation/ControlRig/Content/Controls/ControlRig_Square_1mm.uexp" 810
"../../../Engine/Plugins/Animation/ControlRig/Content/Controls/ControlRig_Sphere_solid.uasset" 811
"../../../Engine/Plugins/Animation/ControlRig/Content/Controls/ControlRig_Sphere_solid.uexp" 812
"../../../Engine/Plugins/Animation/ControlRig/Content/Controls/ControlRig_Sphere_3mm.uasset" 813
"../../../Engine/Plugins/Animation/ControlRig/Content/Controls/ControlRig_Sphere_3mm.uexp" 814
"../../../Engine/Plugins/Animation/ControlRig/Content/Controls/ControlRig_Sphere_1mm.uasset" 815
"../../../Engine/Plugins/Animation/ControlRig/Content/Controls/ControlRig_Sphere_1mm.uexp" 816
"../../../Engine/Plugins/Animation/ControlRig/Content/Controls/ControlRig_RoundedTriangle_solid.uasset" 817
"../../../Engine/Plugins/Animation/ControlRig/Content/Controls/ControlRig_RoundedTriangle_solid.uexp" 818
"../../../Engine/Plugins/Animation/ControlRig/Content/Controls/ControlRig_RoundedTriangle_3mm.uasset" 819
"../../../Engine/Plugins/Animation/ControlRig/Content/Controls/ControlRig_RoundedTriangle_3mm.uexp" 820
"../../../Engine/Plugins/Animation/ControlRig/Content/Controls/ControlRig_RoundedTriangle_1mm.uasset" 821
"../../../Engine/Plugins/Animation/ControlRig/Content/Controls/ControlRig_RoundedTriangle_1mm.uexp" 822
"../../../Engine/Plugins/Animation/ControlRig/Content/Controls/ControlRig_RoundedSquare_solid.uasset" 823
"../../../Engine/Plugins/Animation/ControlRig/Content/Controls/ControlRig_RoundedSquare_solid.uexp" 824
"../../../Engine/Plugins/Animation/ControlRig/Content/Controls/ControlRig_RoundedSquare_3mm.uasset" 825
"../../../Engine/Plugins/Animation/ControlRig/Content/Controls/ControlRig_RoundedSquare_3mm.uexp" 826
"../../../Engine/Plugins/Animation/ControlRig/Content/Controls/ControlRig_RoundedSquare_1mm.uasset" 827
"../../../Engine/Plugins/Animation/ControlRig/Content/Controls/ControlRig_RoundedSquare_1mm.uexp" 828
"../../../Engine/Plugins/Animation/ControlRig/Content/Controls/ControlRig_QuarterCircle_solid.uasset" 829
"../../../Engine/Plugins/Animation/ControlRig/Content/Controls/ControlRig_QuarterCircle_solid.uexp" 830
"../../../Engine/Plugins/Animation/ControlRig/Content/Controls/ControlRig_QuarterCircle_3mm.uasset" 831
"../../../Engine/Plugins/Animation/ControlRig/Content/Controls/ControlRig_QuarterCircle_3mm.uexp" 832
"../../../Engine/Plugins/Animation/ControlRig/Content/Controls/ControlRig_QuarterCircle_1mm.uasset" 833
"../../../Engine/Plugins/Animation/ControlRig/Content/Controls/ControlRig_QuarterCircle_1mm.uexp" 834
"../../../Engine/Plugins/Animation/ControlRig/Content/Controls/ControlRig_Pyramid_solid.uasset" 835
"../../../Engine/Plugins/Animation/ControlRig/Content/Controls/ControlRig_Pyramid_solid.uexp" 836
"../../../Engine/Plugins/Animation/ControlRig/Content/Controls/ControlRig_Pyramid_3mm.uasset" 837
"../../../Engine/Plugins/Animation/ControlRig/Content/Controls/ControlRig_Pyramid_3mm.uexp" 838
"../../../Engine/Plugins/Animation/ControlRig/Content/Controls/ControlRig_Pyramid_1mm.uasset" 839
"../../../Engine/Plugins/Animation/ControlRig/Content/Controls/ControlRig_Pyramid_1mm.uexp" 840
"../../../Engine/Plugins/Animation/ControlRig/Content/Controls/ControlRig_Octagon_solid.uasset" 841
"../../../Engine/Plugins/Animation/ControlRig/Content/Controls/ControlRig_Octagon_solid.uexp" 842
"../../../Engine/Plugins/Animation/ControlRig/Content/Controls/ControlRig_Octagon_3mm.uasset" 843
"../../../Engine/Plugins/Animation/ControlRig/Content/Controls/ControlRig_Octagon_3mm.uexp" 844
"../../../Engine/Plugins/Animation/ControlRig/Content/Controls/ControlRig_Octagon_1mm.uasset" 845
"../../../Engine/Plugins/Animation/ControlRig/Content/Controls/ControlRig_Octagon_1mm.uexp" 846
"../../../Engine/Plugins/Animation/ControlRig/Content/Controls/ControlRig_Hexagon_solid.uasset" 847
"../../../Engine/Plugins/Animation/ControlRig/Content/Controls/ControlRig_Hexagon_solid.uexp" 848
"../../../Engine/Plugins/Animation/ControlRig/Content/Controls/ControlRig_Hexagon_3mm.uasset" 849
"../../../Engine/Plugins/Animation/ControlRig/Content/Controls/ControlRig_Hexagon_3mm.uexp" 850
"../../../Engine/Plugins/Animation/ControlRig/Content/Controls/ControlRig_Hexagon_1mm.uasset" 851
"../../../Engine/Plugins/Animation/ControlRig/Content/Controls/ControlRig_Hexagon_1mm.uexp" 852
"../../../Engine/Plugins/Animation/ControlRig/Content/Controls/ControlRig_HalfCircle_solid.uasset" 853
"../../../Engine/Plugins/Animation/ControlRig/Content/Controls/ControlRig_HalfCircle_solid.uexp" 854
"../../../Engine/Plugins/Animation/ControlRig/Content/Controls/ControlRig_HalfCircle_3mm.uasset" 855
"../../../Engine/Plugins/Animation/ControlRig/Content/Controls/ControlRig_HalfCircle_3mm.uexp" 856
"../../../Engine/Plugins/Animation/ControlRig/Content/Controls/ControlRig_HalfCircle_1mm.uasset" 857
"../../../Engine/Plugins/Animation/ControlRig/Content/Controls/ControlRig_HalfCircle_1mm.uexp" 858
"../../../Engine/Plugins/Animation/ControlRig/Content/Controls/ControlRig_Diamond_solid.uasset" 859
"../../../Engine/Plugins/Animation/ControlRig/Content/Controls/ControlRig_Diamond_solid.uexp" 860
"../../../Engine/Plugins/Animation/ControlRig/Content/Controls/ControlRig_Diamond_3mm.uasset" 861
"../../../Engine/Plugins/Animation/ControlRig/Content/Controls/ControlRig_Diamond_3mm.uexp" 862
"../../../Engine/Plugins/Animation/ControlRig/Content/Controls/ControlRig_Diamond_1mm.uasset" 863
"../../../Engine/Plugins/Animation/ControlRig/Content/Controls/ControlRig_Diamond_1mm.uexp" 864
"../../../Engine/Plugins/Animation/ControlRig/Content/Controls/ControlRig_Circle_solid.uasset" 865
"../../../Engine/Plugins/Animation/ControlRig/Content/Controls/ControlRig_Circle_solid.uexp" 866
"../../../Engine/Plugins/Animation/ControlRig/Content/Controls/ControlRig_Circle_3mm.uasset" 867
"../../../Engine/Plugins/Animation/ControlRig/Content/Controls/ControlRig_Circle_3mm.uexp" 868
"../../../Engine/Plugins/Animation/ControlRig/Content/Controls/ControlRig_Circle_1mm.uasset" 869
"../../../Engine/Plugins/Animation/ControlRig/Content/Controls/ControlRig_Circle_1mm.uexp" 870
"../../../Engine/Plugins/Animation/ControlRig/Content/Controls/ControlRig_Box_solid.uasset" 871
"../../../Engine/Plugins/Animation/ControlRig/Content/Controls/ControlRig_Box_solid.uexp" 872
"../../../Engine/Plugins/Animation/ControlRig/Content/Controls/ControlRig_Box_3mm.uasset" 873
"../../../Engine/Plugins/Animation/ControlRig/Content/Controls/ControlRig_Box_3mm.uexp" 874
"../../../Engine/Plugins/Animation/ControlRig/Content/Controls/ControlRig_Box_1mm.uasset" 875
"../../../Engine/Plugins/Animation/ControlRig/Content/Controls/ControlRig_Box_1mm.uexp" 876
"../../../Engine/Plugins/Animation/ControlRig/Content/Controls/ControlRig_Arrow_solid.uasset" 877
"../../../Engine/Plugins/Animation/ControlRig/Content/Controls/ControlRig_Arrow_solid.uexp" 878
"../../../Engine/Plugins/Animation/ControlRig/Content/Controls/ControlRig_Arrow_3mm.uasset" 879
"../../../Engine/Plugins/Animation/ControlRig/Content/Controls/ControlRig_Arrow_3mm.uexp" 880
"../../../Engine/Plugins/Animation/ControlRig/Content/Controls/ControlRig_Arrow_1mm.uasset" 881
"../../../Engine/Plugins/Animation/ControlRig/Content/Controls/ControlRig_Arrow_1mm.uexp" 882
"../../../Engine/Plugins/Animation/ControlRig/Content/Controls/ControlRig_Arrow4_solid.uasset" 883
"../../../Engine/Plugins/Animation/ControlRig/Content/Controls/ControlRig_Arrow4_solid.uexp" 884
"../../../Engine/Plugins/Animation/ControlRig/Content/Controls/ControlRig_Arrow4_3mm.uasset" 885
"../../../Engine/Plugins/Animation/ControlRig/Content/Controls/ControlRig_Arrow4_3mm.uexp" 886
"../../../Engine/Plugins/Animation/ControlRig/Content/Controls/ControlRig_Arrow4_1mm.uasset" 887
"../../../Engine/Plugins/Animation/ControlRig/Content/Controls/ControlRig_Arrow4_1mm.uexp" 888
"../../../Engine/Plugins/Animation/ControlRig/Content/Controls/ControlRig_Arrow2_solid.uasset" 889
"../../../Engine/Plugins/Animation/ControlRig/Content/Controls/ControlRig_Arrow2_solid.uexp" 890
"../../../Engine/Plugins/Animation/ControlRig/Content/Controls/ControlRig_Arrow2_3mm.uasset" 891
"../../../Engine/Plugins/Animation/ControlRig/Content/Controls/ControlRig_Arrow2_3mm.uexp" 892
"../../../Engine/Plugins/Animation/ControlRig/Content/Controls/ControlRig_Arrow2_1mm.uasset" 893
"../../../Engine/Plugins/Animation/ControlRig/Content/Controls/ControlRig_Arrow2_1mm.uexp" 894
"../../../Engine/Plugins/Animation/ControlRig/Content/Controls/ControlRigGizmoMaterial.uasset" 895
"../../../Engine/Plugins/Animation/ControlRig/Content/Controls/ControlRigGizmoMaterial.uexp" 896
"../../../Engine/Plugins/Editor/SpeedTreeImporter/Content/SpeedTree9/game_wind_noise.ubulk" 897
"../../../Engine/Plugins/Editor/SpeedTreeImporter/Content/SpeedTree9/game_wind_noise.uasset" 898
"../../../Engine/Plugins/Editor/SpeedTreeImporter/Content/SpeedTree9/game_wind_noise.uexp" 899
"../../../Engine/Plugins/Editor/SpeedTreeImporter/Content/SpeedTree9/UnpackDirection.uasset" 900
"../../../Engine/Plugins/Editor/SpeedTreeImporter/Content/SpeedTree9/UnpackDirection.uexp" 901
"../../../Engine/Content/Functions/Engine_MaterialFunctions02/ObjectLocalBounds.uasset" 902
"../../../Engine/Content/Functions/Engine_MaterialFunctions02/ObjectLocalBounds.uexp" 903
"../../../Engine/Content/Functions/Engine_MaterialFunctions02/UVs/BoundingBoxBased_0-1_UVW.uasset" 904
"../../../Engine/Content/Functions/Engine_MaterialFunctions02/UVs/BoundingBoxBased_0-1_UVW.uexp" 905
"../../../Engine/Plugins/Editor/SpeedTreeImporter/Content/SpeedTree9/UnpackInteger3.uasset" 906
"../../../Engine/Plugins/Editor/SpeedTreeImporter/Content/SpeedTree9/UnpackInteger3.uexp" 907
"../../../Engine/Plugins/Editor/SpeedTreeImporter/Content/SpeedTree9/SpeedTreeCameraFacing.uasset" 908
"../../../Engine/Plugins/Editor/SpeedTreeImporter/Content/SpeedTree9/SpeedTreeCameraFacing.uexp" 909
"../../../Engine/Content/Functions/Engine_MaterialFunctions02/WorldPositionOffset/ObjectScale.uasset" 910
"../../../Engine/Content/Functions/Engine_MaterialFunctions02/WorldPositionOffset/ObjectScale.uexp" 911
"../../../Engine/Plugins/Editor/SpeedTreeImporter/Content/SpeedTree9/SpeedTreeWindMotion.uasset" 912
"../../../Engine/Plugins/Editor/SpeedTreeImporter/Content/SpeedTree9/SpeedTreeWindMotion.uexp" 913
"../../../Engine/Plugins/Editor/SpeedTreeImporter/Content/SpeedTree9/SpeedTreeBranchMotion.uasset" 914
"../../../Engine/Plugins/Editor/SpeedTreeImporter/Content/SpeedTree9/SpeedTreeBranchMotion.uexp" 915
"../../../Engine/Plugins/Editor/SpeedTreeImporter/Content/SpeedTree9/SpeedTreeWind.uasset" 916
"../../../Engine/Plugins/Editor/SpeedTreeImporter/Content/SpeedTree9/SpeedTreeWind.uexp" 917
"../../../Engine/Plugins/Editor/SpeedTreeImporter/Content/SpeedTree9/EmptyNormal.uasset" 918
"../../../Engine/Plugins/Editor/SpeedTreeImporter/Content/SpeedTree9/EmptyNormal.uexp" 919
"../../../Engine/Plugins/Editor/SpeedTreeImporter/Content/SpeedTree9/Empty.uasset" 920
"../../../Engine/Plugins/Editor/SpeedTreeImporter/Content/SpeedTree9/Empty.uexp" 921
"../../../Engine/Plugins/Editor/SpeedTreeImporter/Content/SpeedTree9/SpeedTreeMaster.uasset" 922
"../../../Engine/Plugins/Editor/SpeedTreeImporter/Content/SpeedTree9/SpeedTreeMaster.uexp" 923
"../../../Engine/Plugins/Editor/SpeedTreeImporter/Content/SpeedTree9/SpeedTreeBillboard.uasset" 924
"../../../Engine/Plugins/Editor/SpeedTreeImporter/Content/SpeedTree9/SpeedTreeBillboard.uexp" 925
"../../../Engine/Plugins/Editor/SpeedTreeImporter/Content/SpeedTree9/SpeedTreeBillboardMaster.uasset" 926
"../../../Engine/Plugins/Editor/SpeedTreeImporter/Content/SpeedTree9/SpeedTreeBillboardMaster.uexp" 927
"../../../Engine/Plugins/Runtime/HairStrands/Content/Materials/HairMeshesDefaultMaterial.uasset" 928
"../../../Engine/Plugins/Runtime/HairStrands/Content/Materials/HairMeshesDefaultMaterial.uexp" 929
"../../../Engine/Plugins/Runtime/HairStrands/Content/Materials/HairDefaultMaterial.uasset" 930
"../../../Engine/Plugins/Runtime/HairStrands/Content/Materials/HairDefaultMaterial.uexp" 931
"../../../Engine/Plugins/Runtime/HairStrands/Content/Materials/HairGroupColors.uasset" 932
"../../../Engine/Plugins/Runtime/HairStrands/Content/Materials/HairGroupColors.uexp" 933
"../../../Engine/Content/EngineMaterials/HairColorMap.uasset" 934
"../../../Engine/Content/EngineMaterials/HairColorMap.uexp" 935
"../../../Engine/Content/EngineMaterials/HairDebugColor.uasset" 936
"../../../Engine/Content/EngineMaterials/HairDebugColor.uexp" 937
"../../../Engine/Plugins/Runtime/HairStrands/Content/Materials/HairDebugMaterial.uasset" 938
"../../../Engine/Plugins/Runtime/HairStrands/Content/Materials/HairDebugMaterial.uexp" 939
"../../../Engine/Plugins/Runtime/HairStrands/Content/Materials/HairCardsDefaultMaterial.uasset" 940
"../../../Engine/Plugins/Runtime/HairStrands/Content/Materials/HairCardsDefaultMaterial.uexp" 941
"H:/runner game/MyProject2/Content/images/jet_pack.uasset" 942
"H:/runner game/MyProject2/Content/images/jet_pack.uexp" 943
"H:/runner game/MyProject2/Content/images/coins.uasset" 944
"H:/runner game/MyProject2/Content/images/coins.uexp" 945
"H:/runner game/MyProject2/Content/UMGG/runhud.uasset" 946
"H:/runner game/MyProject2/Content/UMGG/runhud.uexp" 947
"H:/runner game/MyProject2/Content/FirstPerson/Blueprints/BP_FirstPersonGameMode.uasset" 948
"H:/runner game/MyProject2/Content/FirstPerson/Blueprints/BP_FirstPersonGameMode.uexp" 949
"../../../Engine/Content/Maps/Templates/HLODs/HLODLayer_Instanced.uasset" 950
"../../../Engine/Content/Maps/Templates/HLODs/HLODLayer_Instanced.uexp" 951
"H:/runner game/MyProject2/Content/FirstPerson/Maps/FirstPersonMap.uexp" 952
"H:/runner game/MyProject2/Content/FirstPerson/Maps/FirstPersonMap.umap" 953
"../../../Engine/Content/Maps/Entry_BuiltData.uasset" 954
"../../../Engine/Content/Maps/Entry_BuiltData.uexp" 955
"../../../Engine/Content/Maps/Entry.uexp" 956
"../../../Engine/Content/Maps/Entry.umap" 957
